I: FinalizerDaemon: finalize objects = 373
I: data [not calibrated]: ; ax -0.215; ay 0.098; az 0.983; gx 0.682; gy -5.81; gz -2.572
I: pitch: 105.22775roll: 4.647539yaw: -133.70909
I: data [not calibrated]: ; ax -0.216; ay 0.099; az 0.981; gx 0.91; gy -5.652; gz -2.537
I: pitch: 122.49147roll: 40.09414yaw: 108.77869
I: data [not calibrated]: ; ax -0.216; ay 0.1; az 0.986; gx 0.875; gy -5.827; gz -2.555
I: pitch: 83.521706roll: 65.958496yaw: 106.32325
I: data [not calibrated]: ; ax -0.215; ay 0.102; az 0.985; gx 0.752; gy -5.722; gz -2.537
I: pitch: 23.663912roll: 56.068752yaw: 45.99644
I: data [not calibrated]: ; ax -0.215; ay 0.101; az 0.985; gx 0.875; gy -5.827; gz -2.555
I: pitch: 5.086896roll: 28.369083yaw: 17.359505
I: data [not calibrated]: ; ax -0.216; ay 0.101; az 0.986; gx 0.892; gy -5.705; gz -2.642
I: pitch: 4.6460648roll: -2.883782yaw: -0.9562067
I: data [not calibrated]: ; ax -0.214; ay 0.1; az 0.984; gx 0.91; gy -5.775; gz -2.502
I: pitch: 16.399595roll: -31.412996yaw: -22.187256
I: data [not calibrated]: ; ax -0.215; ay 0.1; az 0.984; gx 0.822; gy -5.617; gz -2.555
I: pitch: 49.500755roll: -50.01101yaw: -62.479027
I: data [not calibrated]: ; ax -0.217; ay 0.101; az 0.983; gx 0.945; gy -5.792; gz -2.59
I: pitch: 93.25301roll: -45.51688yaw: -112.55696
I: data [not calibrated]: ; ax -0.216; ay 0.101; az 0.979; gx 0.892; gy -5.687; gz -2.59
I: pitch: 120.322044roll: -12.180042yaw: -150.41672
I: data [not calibrated]: ; ax -0.219; ay 0.097; az 0.986; gx 0.787; gy -5.775; gz -2.537
I: pitch: 126.239456roll: 19.221067yaw: -171.6028
I: data [not calibrated]: ; ax -0.217; ay 0.098; az 0.983; gx 0.857; gy -5.687; gz -2.502
I: pitch: 116.11978roll: 48.781715yaw: 90.45637
I: data [not calibrated]: ; ax -0.215; ay 0.102; az 0.988; gx 0.682; gy -5.81; gz -2.572
I: pitch: 59.762676roll: 63.156532yaw: 80.005295
I: data [not calibrated]: ; ax -0.215; ay 0.098; az 0.981; gx 0.892; gy -5.635; gz -2.572
I: pitch: 19.402216roll: 47.004074yaw: 39.05911
I: data [not calibrated]: ; ax -0.219; ay 0.103; az 0.984; gx 0.892; gy -5.635; gz -2.555
I: pitch: 7.594871roll: 19.218763yaw: 14.800766
I: data [not calibrated]: ; ax -0.214; ay 0.102; az 0.979; gx 0.84; gy -5.775; gz -2.537
I: pitch: 10.589708roll: -10.105381yaw: -4.275946
I: data [not calibrated]: ; ax -0.216; ay 0.101; az 0.988; gx 0.717; gy -5.67; gz -2.537
I: pitch: 25.807867roll: -35.516296yaw: -30.372295
I: data [not calibrated]: ; ax -0.217; ay 0.099; az 0.984; gx 0.875; gy -5.705; gz -2.572
I: pitch: 62.12653roll: -48.110638yaw: -74.89488
I: data [not calibrated]: ; ax -0.215; ay 0.103; az 0.984; gx 0.77; gy -5.687; gz -2.59
I: pitch: 97.97264roll: -38.59947yaw: -119.144745
I: data [not calibrated]: ; ax -0.216; ay 0.099; az 0.981; gx 0.84; gy -5.74; gz -2.572
I: pitch: 116.82016roll: -15.279944yaw: -147.93567
I: data [not calibrated]: ; ax -0.215; ay 0.102; az 0.979; gx 1.015; gy -5.74; gz -2.555
I: pitch: 123.52364roll: 13.094869yaw: -168.57736
I: data [not calibrated]: ; ax -0.217; ay 0.102; az 0.986; gx 0.77; gy -5.757; gz -2.555
I: pitch: 116.11539roll: 42.03015yaw: 95.00838
I: data [not calibrated]: ; ax -0.22; ay 0.099; az 0.984; gx 0.682; gy -5.775; gz -2.59
I: pitch: 50.725273roll: 56.50709yaw: 70.31208
I: data [not calibrated]: ; ax -0.217; ay 0.098; az 0.981; gx 0.91; gy -5.635; gz -2.572
I: pitch: 18.49721roll: 39.04197yaw: 35.13648
I: data [not calibrated]: ; ax -0.216; ay 0.101; az 0.983; gx 0.945; gy -5.705; gz -2.625
I: pitch: 10.470502roll: 11.387962yaw: 11.539445
I: data [not calibrated]: ; ax -0.216; ay 0.1; az 0.984; gx 0.717; gy -5.705; gz -2.555
I: pitch: 14.584584roll: -15.975337yaw: -9.607982
I: data [not calibrated]: ; ax -0.215; ay 0.1; az 0.98; gx 0.892; gy -5.757; gz -2.59
I: pitch: 34.333176roll: -38.720276yaw: -40.026173
I: data [not calibrated]: ; ax -0.217; ay 0.1; az 0.982; gx 0.787; gy -5.652; gz -2.555
I: pitch: 71.58237roll: -45.843235yaw: -86.378296
I: data [not calibrated]: ; ax -0.216; ay 0.099; az 0.983; gx 0.892; gy -5.74; gz -2.537
I: pitch: 108.171974roll: -23.241041yaw: -135.6807
I: data [not calibrated]: ; ax -0.217; ay 0.101; az 0.983; gx 0.805; gy -5.722; gz -2.59
I: pitch: 119.85824roll: 4.196301yaw: -161.53636
I: data [not calibrated]: ; ax -0.215; ay 0.102; az 0.981; gx 0.91; gy -5.775; gz -2.555
I: pitch: 110.248276roll: 42.475006yaw: 90.041824
I: data [not calibrated]: ; ax -0.216; ay 0.1; az 0.986; gx 0.7; gy -5.81; gz -2.537
I: pitch: 46.784138roll: 52.964287yaw: 64.54159
I: data [not calibrated]: ; ax -0.217; ay 0.103; az 0.982; gx 0.857; gy -5.635; gz -2.555
I: pitch: 17.207008roll: 24.007164yaw: 24.48296
I: data [not calibrated]: ; ax -0.212; ay 0.104; az 0.979; gx 0.962; gy -5.792; gz -2.642
I: pitch: 14.587241roll: -5.460756yaw: -0.3013902
I: data [not calibrated]: ; ax -0.215; ay 0.098; az 0.983; gx 0.927; gy -5.687; gz -2.555
I: pitch: 27.654274roll: -30.222353yaw: -27.372208
I: data [not calibrated]: ; ax -0.215; ay 0.099; az 0.981; gx 0.77; gy -5.565; gz -2.572
I: pitch: 57.34876roll: -43.34363yaw: -67.62438
I: data [not calibrated]: ; ax -0.215; ay 0.098; az 0.979; gx 0.875; gy -5.792; gz -2.467
I: pitch: 99.40298roll: -29.795607yaw: -123.25579
I: data [not calibrated]: ; ax -0.218; ay 0.103; az 0.984; gx 0.98; gy -5.775; gz -2.572
I: pitch: 116.667046roll: 14.337299yaw: -166.90334
I: data [not calibrated]: ; ax -0.217; ay 0.101; az 0.984; gx 0.84; gy -5.722; gz -2.59
I: pitch: 107.360245roll: 44.99681yaw: 87.322426
I: data [not calibrated]: ; ax -0.215; ay 0.1; az 0.982; gx 0.857; gy -5.705; gz -2.555
I: pitch: 64.064995roll: 58.432274yaw: 86.29737
I: data [not calibrated]: ; ax -0.217; ay 0.101; az 0.985; gx 0.787; gy -5.652; gz -2.572
I: pitch: 26.137466roll: 45.11157yaw: 46.00699
I: data [not calibrated]: ; ax -0.213; ay 0.1; az 0.983; gx 0.787; gy -5.827; gz -2.52
I: pitch: 13.041438roll: 18.927872yaw: 19.22198
I: data [not calibrated]: ; ax -0.217; ay 0.105; az 0.983; gx 0.77; gy -5.565; gz -2.59
I: pitch: 13.57514roll: -8.656993yaw: -2.6500874
I: data [not calibrated]: ; ax -0.215; ay 0.1; az 0.982; gx 0.91; gy -5.862; gz -2.537
I: pitch: 41.75963roll: -39.064846yaw: -46.31507
I: data [not calibrated]: ; ax -0.218; ay 0.1; az 0.983; gx 0.84; gy -5.792; gz -2.537
I: pitch: 90.98281roll: -36.816147yaw: -108.94492
I: data [not calibrated]: ; ax -0.217; ay 0.098; az 0.983; gx 0.91; gy -5.757; gz -2.502
I: pitch: 113.61163roll: -16.3611yaw: -142.71458
I: data [not calibrated]: ; ax -0.217; ay 0.101; az 0.986; gx 0.56; gy -5.74; gz -2.59
I: pitch: 119.49389roll: 10.950813yaw: -165.68903
I: data [not calibrated]: ; ax -0.215; ay 0.103; az 0.981; gx 0.962; gy -5.74; gz -2.485
I: pitch: 113.335815roll: 38.33861yaw: 96.55856
I: data [not calibrated]: ; ax -0.216; ay 0.1; az 0.988; gx 0.77; gy -5.757; gz -2.537
I: pitch: 78.48311roll: 56.90234yaw: 104.63571
I: data [not calibrated]: ; ax -0.216; ay 0.103; az 0.982; gx 0.91; gy -5.74; gz -2.485
I: pitch: 26.37823roll: 31.459457yaw: 38.75268
I: data [not calibrated]: ; ax -0.215; ay 0.101; az 0.979; gx 1.015; gy -5.722; gz -2.467
I: pitch: 20.123877roll: -6.310158yaw: 0.48428342
I: data [not calibrated]: ; ax -0.215; ay 0.1; az 0.98; gx 1.05; gy -5.74; gz -2.502
I: pitch: 46.305244roll: -35.16024yaw: -46.642452
I: data [not calibrated]: ; ax -0.218; ay 0.101; az 0.986; gx 0.997; gy -5.775; gz -2.555
I: pitch: 90.2055roll: -31.79769yaw: -106.35849
I: data [not calibrated]: ; ax -0.215; ay 0.099; az 0.987; gx 0.875; gy -5.792; gz -2.537
I: pitch: 110.74746roll: 14.66578yaw: -162.52657
I: data [not calibrated]: ; ax -0.216; ay 0.1; az 0.976; gx 0.997; gy -5.74; gz -2.555
I: pitch: 88.49685roll: 48.620296yaw: 68.77925
I: data [not calibrated]: ; ax -0.215; ay 0.1; az 0.987; gx 0.822; gy -5.74; gz -2.572
I: pitch: 35.90019roll: 43.266384yaw: 49.92015
I: data [not calibrated]: ; ax -0.216; ay 0.1; az 0.985; gx 0.805; gy -5.705; gz -2.502
I: pitch: 18.306139roll: 20.502346yaw: 24.938406
I: data [not calibrated]: ; ax -0.216; ay 0.101; az 0.982; gx 0.962; gy -5.705; gz -2.572
I: pitch: 22.589706roll: -14.923003yaw: -7.6111364
I: data [not calibrated]: ; ax -0.215; ay 0.097; az 0.981; gx 0.91; gy -5.74; gz -2.555
I: pitch: 56.072624roll: -37.8542yaw: -59.19481
I: data [not calibrated]: ; ax -0.216; ay 0.103; az 0.985; gx 0.787; gy -5.722; gz -2.502
I: pitch: 95.91278roll: -27.68254yaw: -115.93211
I: data [not calibrated]: ; ax -0.217; ay 0.101; az 0.984; gx 0.892; gy -5.652; gz -2.555
I: pitch: 112.99291roll: 4.2968893yaw: -154.85939
I: data [not calibrated]: ; ax -0.215; ay 0.102; az 0.983; gx 0.805; gy -5.687; gz -2.572
I: pitch: 102.74588roll: 39.890877yaw: 91.3546
I: data [not calibrated]: ; ax -0.214; ay 0.101; az 0.983; gx 0.892; gy -5.705; gz -2.537
I: pitch: 50.35969roll: 49.34117yaw: 72.74043
I: data [not calibrated]: ; ax -0.215; ay 0.103; az 0.984; gx 0.77; gy -5.81; gz -2.555
I: pitch: 22.090096roll: 13.009405yaw: 23.979582
I: data [not calibrated]: ; ax -0.216; ay 0.102; az 0.981; gx 0.892; gy -5.775; gz -2.537
I: pitch: 29.07051roll: -22.124836yaw: -15.47843
I: data [not calibrated]: ; ax -0.216; ay 0.099; az 0.983; gx 1.015; gy -5.74; gz -2.555
I: pitch: 78.553474roll: -33.918476yaw: -86.36017
I: data [not calibrated]: ; ax -0.217; ay 0.102; az 0.984; gx 0.77; gy -5.74; gz -2.572
I: pitch: 106.64395roll: -10.631486yaw: -135.02477
I: data [not calibrated]: ; ax -0.217; ay 0.103; az 0.983; gx 0.857; gy -5.74; gz -2.502
I: pitch: 104.95867roll: 31.872366yaw: 103.85136
I: data [not calibrated]: ; ax -0.215; ay 0.102; az 0.984; gx 0.735; gy -5.81; gz -2.59
I: pitch: 46.887405roll: 43.551632yaw: 71.386246
I: data [not calibrated]: ; ax -0.217; ay 0.101; az 0.985; gx 0.752; gy -5.722; gz -2.52
I: pitch: 22.433567roll: 16.787766yaw: 30.88128
I: data [not calibrated]: ; ax -0.214; ay 0.103; az 0.983; gx 0.875; gy -5.81; gz -2.607
I: pitch: 33.59134roll: -23.865551yaw: -17.804161
I: data [not calibrated]: ; ax -0.217; ay 0.099; az 0.983; gx 0.822; gy -5.705; gz -2.59
I: pitch: 73.2234roll: -36.03706yaw: -78.09423
I: data [not calibrated]: ; ax -0.216; ay 0.102; az 0.988; gx 0.665; gy -5.827; gz -2.555
I: pitch: 103.00164roll: -15.954626yaw: -128.83621
I: data [not calibrated]: ; ax -0.217; ay 0.102; az 0.98; gx 0.875; gy -5.74; gz -2.572
I: pitch: 110.047424roll: 19.094624yaw: -168.27197
I: data [not calibrated]: ; ax -0.216; ay 0.099; az 0.985; gx 0.805; gy -5.845; gz -2.572
I: pitch: 67.59872roll: 47.00375yaw: 43.865574
I: data [not calibrated]: ; ax -0.217; ay 0.101; az 0.986; gx 0.822; gy -5.775; gz -2.572
I: pitch: 29.96301roll: 30.828981yaw: 37.34331
I: data [not calibrated]: ; ax -0.216; ay 0.099; az 0.985; gx 0.752; gy -5.722; gz -2.607
I: pitch: 22.582693roll: -2.7878227yaw: 7.1879935
I: FinalizerDaemon: finalize objects = 195
I: data [not calibrated]: ; ax -0.215; ay 0.1; az 0.978; gx 0.927; gy -5.74; gz -2.607
I: pitch: 63.219887roll: -31.9654yaw: -63.154697
I: data [not calibrated]: ; ax -0.215; ay 0.104; az 0.983; gx 0.927; gy -5.705; gz -2.537
I: pitch: 101.38626roll: -12.116249yaw: -126.82966
I: data [not calibrated]: ; ax -0.214; ay 0.101; az 0.981; gx 0.98; gy -5.775; gz -2.537
I: pitch: 104.75336roll: 29.363918yaw: 109.026024
I: data [not calibrated]: ; ax -0.214; ay 0.101; az 0.982; gx 0.875; gy -5.792; gz -2.607
I: pitch: 50.345894roll: 44.732903yaw: 77.160995
I: data [not calibrated]: ; ax -0.215; ay 0.101; az 0.983; gx 0.91; gy -5.775; gz -2.52
I: pitch: 24.497711roll: 19.704021yaw: 33.73062
I: data [not calibrated]: ; ax -0.216; ay 0.1; az 0.984; gx 0.805; gy -5.722; gz -2.625
I: pitch: 26.051336roll: -13.909555yaw: -4.283578
I: data [not calibrated]: ; ax -0.216; ay 0.1; az 0.987; gx 0.752; gy -5.81; gz -2.52
I: pitch: 58.56618roll: -36.13732yaw: -59.456085
I: data [not calibrated]: ; ax -0.214; ay 0.101; az 0.984; gx 0.822; gy -5.74; gz -2.59
I: pitch: 99.24196roll: -18.429054yaw: -122.84109
I: data [not calibrated]: ; ax -0.217; ay 0.101; az 0.981; gx 0.892; gy -5.652; gz -2.52
I: pitch: 110.71405roll: 14.842003yaw: -163.23044
I: data [not calibrated]: ; ax -0.216; ay 0.102; az 0.983; gx 0.892; gy -5.757; gz -2.502
I: pitch: 89.2575roll: 45.438354yaw: 72.63152
I: data [not calibrated]: ; ax -0.214; ay 0.1; az 0.983; gx 0.735; gy -5.687; gz -2.59
I: pitch: 39.799454roll: 42.49534yaw: 56.962887
I: data [not calibrated]: ; ax -0.217; ay 0.102; az 0.98; gx 0.962; gy -5.757; gz -2.572
I: pitch: 22.375273roll: 11.73327yaw: 21.542105
I: data [not calibrated]: ; ax -0.218; ay 0.1; az 0.989; gx 0.875; gy -5.687; gz -2.502
I: pitch: 30.87206roll: -20.72403yaw: -16.05948
I: data [not calibrated]: ; ax -0.217; ay 0.098; az 0.981; gx 0.84; gy -5.74; gz -2.52
I: pitch: 66.59154roll: -35.908573yaw: -71.38385
I: data [not calibrated]: ; ax -0.214; ay 0.101; az 0.982; gx 0.91; gy -5.775; gz -2.537
I: pitch: 103.131195roll: -11.664836yaw: -131.7313
I: data [not calibrated]: ; ax -0.217; ay 0.099; az 0.983; gx 0.857; gy -5.687; gz -2.642
I: pitch: 103.61335roll: 31.391012yaw: 104.94292
I: data [not calibrated]: ; ax -0.215; ay 0.098; az 0.987; gx 0.892; gy -5.757; gz -2.555
I: pitch: 59.274513roll: 48.736576yaw: 89.19556
I: data [not calibrated]: ; ax -0.219; ay 0.096; az 0.986; gx 0.875; gy -5.757; gz -2.485
I: pitch: 27.211044roll: 27.27592yaw: 42.457993
I: data [not calibrated]: ; ax -0.215; ay 0.102; az 0.984; gx 0.857; gy -5.775; gz -2.537
I: pitch: 24.177511roll: -7.371988yaw: 4.4902277
I: data [not calibrated]: ; ax -0.215; ay 0.102; az 0.982; gx 0.857; gy -5.705; gz -2.555
I: pitch: 59.49082roll: -33.476166yaw: -57.756207
I: data [not calibrated]: ; ax -0.214; ay 0.102; az 0.985; gx 0.84; gy -5.687; gz -2.45
I: pitch: 95.69359roll: -23.51506yaw: -113.90421
I: data [not calibrated]: ; ax -0.216; ay 0.099; az 0.983; gx 0.857; gy -5.74; gz -2.52
I: pitch: 108.42189roll: 16.401072yaw: -163.53693
I: data [not calibrated]: ; ax -0.213; ay 0.101; az 0.982; gx 0.962; gy -5.792; gz -2.52
I: pitch: 85.4355roll: 45.899956yaw: 68.867584
I: data [not calibrated]: ; ax -0.217; ay 0.102; az 0.984; gx 0.752; gy -5.705; gz -2.537
I: pitch: 38.79174roll: 40.61483yaw: 55.197613
I: data [not calibrated]: ; ax -0.216; ay 0.101; az 0.983; gx 0.892; gy -5.775; gz -2.52
I: pitch: 24.901657roll: 1.3459109yaw: 13.181796
I: data [not calibrated]: ; ax -0.216; ay 0.097; az 0.988; gx 0.665; gy -5.845; gz -2.59
I: pitch: 50.999413roll: -31.845116yaw: -46.134346
I: data [not calibrated]: ; ax -0.216; ay 0.103; az 0.985; gx 0.752; gy -5.67; gz -2.537
I: pitch: 89.33698roll: -28.52163yaw: -105.53004
I: data [not calibrated]: ; ax -0.217; ay 0.098; az 0.981; gx 0.962; gy -5.722; gz -2.572
I: pitch: 109.19679roll: -0.3098496yaw: -147.93602
I: data [not calibrated]: ; ax -0.213; ay 0.101; az 0.983; gx 0.787; gy -5.74; gz -2.572
I: pitch: 94.0293roll: 39.90132yaw: 84.247154
I: data [not calibrated]: ; ax -0.212; ay 0.103; az 0.983; gx 0.875; gy -5.722; gz -2.502
I: pitch: 46.125175roll: 43.953026yaw: 66.94698
I: data [not calibrated]: ; ax -0.217; ay 0.099; az 0.984; gx 0.84; gy -5.757; gz -2.502
I: pitch: 25.145535roll: 8.06392yaw: 20.777063
I: data [not calibrated]: ; ax -0.215; ay 0.102; az 0.984; gx 0.84; gy -5.687; gz -2.502
I: pitch: 43.678963roll: -27.670383yaw: -33.31185
I: data [not calibrated]: ; ax -0.213; ay 0.101; az 0.982; gx 0.927; gy -5.705; gz -2.555
I: pitch: 89.23996roll: -25.014416yaw: -103.82638
I: data [not calibrated]: ; ax -0.216; ay 0.098; az 0.984; gx 0.787; gy -5.792; gz -2.642
I: pitch: 106.33741roll: 11.815182yaw: -156.94893
I: data [not calibrated]: ; ax -0.216; ay 0.102; az 0.982; gx 0.787; gy -5.757; gz -2.555
I: pitch: 74.83684roll: 43.892483yaw: 59.0333
I: data [not calibrated]: ; ax -0.215; ay 0.101; az 0.985; gx 0.822; gy -5.757; gz -2.555
I: pitch: 31.669027roll: 19.12565yaw: 32.24069
I: data [not calibrated]: ; ax -0.216; ay 0.103; az 0.984; gx 0.752; gy -5.74; gz -2.59
I: pitch: 34.936317roll: -19.537775yaw: -14.093643
I: data [not calibrated]: ; ax -0.216; ay 0.102; az 0.983; gx 0.857; gy -5.74; gz -2.467
I: pitch: 69.36458roll: -34.362972yaw: -71.31424
I: data [not calibrated]: ; ax -0.216; ay 0.103; az 0.986; gx 0.84; gy -5.775; gz -2.537
I: pitch: 102.83863roll: -9.583212yaw: -131.02454
I: data [not calibrated]: ; ax -0.216; ay 0.102; az 0.984; gx 0.927; gy -5.74; gz -2.52
I: pitch: 101.86615roll: 31.641722yaw: 103.81903
I: data [not calibrated]: ; ax -0.218; ay 0.101; az 0.985; gx 0.857; gy -5.792; gz -2.572
I: pitch: 48.128384roll: 42.45849yaw: 72.92393
I: data [not calibrated]: ; ax -0.216; ay 0.102; az 0.982; gx 0.875; gy -5.74; gz -2.572
I: pitch: 25.56198roll: 8.284566yaw: 23.06244
I: data [not calibrated]: ; ax -0.217; ay 0.101; az 0.985; gx 0.822; gy -5.792; gz -2.555
I: pitch: 43.452133roll: -27.613815yaw: -32.11083
I: data [not calibrated]: ; ax -0.218; ay 0.1; az 0.985; gx 0.892; gy -5.687; gz -2.572
I: pitch: 88.7563roll: -25.25634yaw: -102.93344
I: data [not calibrated]: ; ax -0.216; ay 0.101; az 0.985; gx 0.787; gy -5.687; gz -2.537
I: pitch: 104.59455roll: 17.263489yaw: -163.49512
I: data [not calibrated]: ; ax -0.217; ay 0.101; az 0.985; gx 0.945; gy -5.775; gz -2.59
I: pitch: 65.35655roll: 45.032867yaw: 43.23013
I: data [not calibrated]: ; ax -0.215; ay 0.102; az 0.984; gx 0.735; gy -5.757; gz -2.502
I: pitch: 28.968369roll: 20.80721yaw: 29.477821
I: data [not calibrated]: ; ax -0.217; ay 0.1; az 0.985; gx 0.857; gy -5.635; gz -2.485
I: pitch: 33.303223roll: -18.505098yaw: -12.629517
I: data [not calibrated]: ; ax -0.215; ay 0.102; az 0.985; gx 0.875; gy -5.74; gz -2.555
I: pitch: 76.667854roll: -30.966333yaw: -81.740326
I: data [not calibrated]: ; ax -0.216; ay 0.1; az 0.982; gx 0.84; gy -5.757; gz -2.52
I: pitch: 104.99746roll: -2.1031144yaw: -139.33879
I: data [not calibrated]: ; ax -0.215; ay 0.101; az 0.981; gx 0.857; gy -5.792; gz -2.502
I: pitch: 94.00877roll: 37.323982yaw: 89.728645
I: data [not calibrated]: ; ax -0.216; ay 0.101; az 0.981; gx 0.805; gy -5.74; gz -2.52
I: pitch: 42.242424roll: 37.49299yaw: 61.528347
I: data [not calibrated]: ; ax -0.215; ay 0.101; az 0.982; gx 0.875; gy -5.705; gz -2.45
I: pitch: 30.336472roll: -5.63676yaw: 8.170106
I: data [not calibrated]: ; ax -0.217; ay 0.101; az 0.986; gx 0.735; gy -5.705; gz -2.555
I: pitch: 69.64209roll: -29.423534yaw: -69.17717
I: FinalizerDaemon: finalize objects = 21
I: data [not calibrated]: ; ax -0.215; ay 0.102; az 0.985; gx 0.857; gy -5.722; gz -2.555
I: pitch: 101.50055roll: -6.3130555yaw: -132.06325
I: data [not calibrated]: ; ax -0.216; ay 0.101; az 0.982; gx 0.84; gy -5.722; gz -2.537
I: pitch: 96.83524roll: 32.654118yaw: 98.83771
I: data [not calibrated]: ; ax -0.213; ay 0.102; az 0.984; gx 0.84; gy -5.757; gz -2.555
I: pitch: 47.84669roll: 39.72036yaw: 71.88103
I: data [not calibrated]: ; ax -0.217; ay 0.099; az 0.983; gx 0.822; gy -5.827; gz -2.537
I: pitch: 28.04505roll: 5.7103434yaw: 22.482367
I: data [not calibrated]: ; ax -0.216; ay 0.101; az 0.985; gx 0.77; gy -5.74; gz -2.555
I: pitch: 47.328987roll: -27.115301yaw: -34.71616
I: data [not calibrated]: ; ax -0.215; ay 0.099; az 0.987; gx 0.735; gy -5.687; gz -2.485
I: pitch: 88.7917roll: -23.370396yaw: -104.41059
I: data [not calibrated]: ; ax -0.217; ay 0.102; az 0.983; gx 0.787; gy -5.652; gz -2.555
I: pitch: 102.30975roll: 18.295282yaw: 121.92356
I: data [not calibrated]: ; ax -0.215; ay 0.101; az 0.983; gx 0.91; gy -5.722; gz -2.45
I: pitch: 56.76958roll: 40.056206yaw: 86.79432
I: data [not calibrated]: ; ax -0.215; ay 0.101; az 0.985; gx 0.787; gy -5.722; gz -2.502
I: pitch: 30.801722roll: 5.8704963yaw: 23.476864
I: data [not calibrated]: ; ax -0.215; ay 0.101; az 0.982; gx 0.927; gy -5.67; gz -2.52
I: pitch: 56.612217roll: -26.592001yaw: -47.43208
I: data [not calibrated]: ; ax -0.213; ay 0.1; az 0.983; gx 0.857; gy -5.775; gz -2.537
I: pitch: 93.612144roll: -15.513522yaw: -115.886955
I: data [not calibrated]: ; ax -0.217; ay 0.101; az 0.984; gx 0.91; gy -5.722; gz -2.59
I: pitch: 101.82444roll: 20.845478yaw: 117.96334
I: data [not calibrated]: ; ax -0.216; ay 0.101; az 0.982; gx 0.945; gy -5.722; gz -2.555
I: pitch: 62.451294roll: 42.615517yaw: 95.821495
I: data [not calibrated]: ; ax -0.214; ay 0.101; az 0.986; gx 0.682; gy -5.67; gz -2.59
I: pitch: 29.788057roll: 11.405486yaw: 31.316416
I: data [not calibrated]: ; ax -0.215; ay 0.102; az 0.989; gx 0.647; gy -5.705; gz -2.52
I: pitch: 40.869717roll: -25.02784yaw: -25.500595
I: data [not calibrated]: ; ax -0.218; ay 0.101; az 0.983; gx 0.857; gy -5.792; gz -2.52
I: pitch: 90.72953roll: -21.897396yaw: -107.01569
I: data [not calibrated]: ; ax -0.217; ay 0.101; az 0.98; gx 0.945; gy -5.687; gz -2.607
I: pitch: 107.30616roll: 15.9413395yaw: -161.00511
I: data [not calibrated]: ; ax -0.216; ay 0.1; az 0.984; gx 0.875; gy -5.687; gz -2.52
I: pitch: 51.15459roll: 40.792892yaw: 22.758568
I: data [not calibrated]: ; ax -0.216; ay 0.102; az 0.984; gx 0.822; gy -5.74; gz -2.572
I: pitch: 25.470083roll: 9.137033yaw: 14.0096
I: data [not calibrated]: ; ax -0.215; ay 0.101; az 0.984; gx 0.91; gy -5.722; gz -2.537
I: pitch: 49.359108roll: -28.93885yaw: -41.948505
I: data [not calibrated]: ; ax -0.215; ay 0.101; az 0.984; gx 0.77; gy -5.687; gz -2.607
I: pitch: 95.57927roll: -14.821134yaw: -119.13334
I: data [not calibrated]: ; ax -0.216; ay 0.102; az 0.986; gx 0.945; gy -5.635; gz -2.555
I: pitch: 100.137566roll: 29.84293yaw: 106.09592
I: data [not calibrated]: ; ax -0.216; ay 0.101; az 0.98; gx 0.962; gy -5.757; gz -2.537
I: pitch: 39.86747roll: 31.212109yaw: 54.52552
I: data [not calibrated]: ; ax -0.216; ay 0.102; az 0.984; gx 0.927; gy -5.775; gz -2.607
I: pitch: 32.04513roll: -10.817983yaw: -2.5009384
I: data [not calibrated]: ; ax -0.217; ay 0.101; az 0.986; gx 0.752; gy -5.67; gz -2.59
I: pitch: 67.52277roll: -31.00978yaw: -71.45883
I: data [not calibrated]: ; ax -0.215; ay 0.101; az 0.987; gx 0.805; gy -5.617; gz -2.59
I: pitch: 99.90577roll: -8.467773yaw: -133.76994
I: data [not calibrated]: ; ax -0.217; ay 0.101; az 0.984; gx 0.892; gy -5.757; gz -2.642
I: pitch: 91.364876roll: 35.183773yaw: 87.27935
I: data [not calibrated]: ; ax -0.217; ay 0.102; az 0.982; gx 0.892; gy -5.722; gz -2.555
I: pitch: 37.941048roll: 27.410046yaw: 45.653393
I: data [not calibrated]: ; ax -0.215; ay 0.102; az 0.982; gx 1.015; gy -5.67; gz -2.572
I: pitch: 34.618134roll: -11.56911yaw: -7.5707393
I: data [not calibrated]: ; ax -0.216; ay 0.1; az 0.983; gx 0.787; gy -5.757; gz -2.52
I: pitch: 76.808556roll: -26.113613yaw: -86.723335
I: data [not calibrated]: ; ax -0.217; ay 0.103; az 0.983; gx 0.822; gy -5.67; gz -2.52
I: pitch: 101.5895roll: 7.2795506yaw: -153.74
I: data [not calibrated]: ; ax -0.216; ay 0.104; az 0.982; gx 0.892; gy -5.757; gz -2.572
I: pitch: 70.0089roll: 40.68543yaw: 49.50917
I: data [not calibrated]: ; ax -0.218; ay 0.101; az 0.986; gx 0.787; gy -5.67; gz -2.572
I: pitch: 32.300022roll: 16.66711yaw: 24.227654

    --------- beginning of system
I: data [not calibrated]: ; ax -0.216; ay 0.1; az 0.984; gx 0.822; gy -5.705; gz -2.52
I: pitch: 44.405952roll: -23.187109yaw: -33.161526
I: data [not calibrated]: ; ax -0.214; ay 0.102; az 0.983; gx 0.91; gy -5.792; gz -2.52
I: pitch: 91.240875roll: -18.506401yaw: -113.08914
I: data [not calibrated]: ; ax -0.217; ay 0.101; az 0.98; gx 0.752; gy -5.74; gz -2.555
I: pitch: 100.02615roll: 23.389967yaw: 110.49584
I: data [not calibrated]: ; ax -0.216; ay 0.103; az 0.982; gx 0.857; gy -5.705; gz -2.537
I: pitch: 50.153374roll: 37.95443yaw: 72.22463
I: data [not calibrated]: ; ax -0.216; ay 0.102; az 0.983; gx 0.927; gy -5.74; gz -2.625
I: pitch: 33.56318roll: -4.0174026yaw: 4.606763
I: data [not calibrated]: ; ax -0.216; ay 0.1; az 0.986; gx 0.647; gy -5.792; gz -2.59
I: pitch: 68.757515roll: -27.779467yaw: -75.5203
I: data [not calibrated]: ; ax -0.216; ay 0.1; az 0.985; gx 0.787; gy -5.722; gz -2.555
I: pitch: 99.81433roll: -0.53554755yaw: -146.87361
I: data [not calibrated]: ; ax -0.215; ay 0.104; az 0.983; gx 0.857; gy -5.705; gz -2.52
I: pitch: 81.27215roll: 37.772625yaw: 64.69506
I: data [not calibrated]: ; ax -0.217; ay 0.101; az 0.987; gx 0.805; gy -5.792; gz -2.485
I: pitch: 37.129944roll: 22.643484yaw: 32.775356
I: FinalizerDaemon: finalize objects = 20
I: data [not calibrated]: ; ax -0.215; ay 0.102; az 0.986; gx 0.787; gy -5.775; gz -2.555
I: pitch: 40.490757roll: -17.815058yaw: -24.933857
I: data [not calibrated]: ; ax -0.215; ay 0.102; az 0.981; gx 1.032; gy -5.792; gz -2.52
I: pitch: 90.16947roll: -15.69319yaw: -113.17158
I: data [not calibrated]: ; ax -0.216; ay 0.101; az 0.983; gx 0.892; gy -5.722; gz -2.555
I: pitch: 95.117roll: 29.384275yaw: 100.073814
I: data [not calibrated]: ; ax -0.216; ay 0.098; az 0.983; gx 0.805; gy -5.757; gz -2.485
I: pitch: 40.680496roll: 27.923952yaw: 51.27705
I: data [not calibrated]: ; ax -0.217; ay 0.1; az 0.985; gx 0.857; gy -5.775; gz -2.625
I: pitch: 40.065697roll: -16.549095yaw: -16.40844
I: data [not calibrated]: ; ax -0.215; ay 0.1; az 0.983; gx 0.875; gy -5.67; gz -2.52
I: pitch: 87.88743roll: -18.132494yaw: -105.78871
I: data [not calibrated]: ; ax -0.216; ay 0.098; az 0.985; gx 0.77; gy -5.705; gz -2.572
I: pitch: 95.267204roll: 25.935846yaw: 106.733185
I: data [not calibrated]: ; ax -0.218; ay 0.103; az 0.984; gx 0.77; gy -5.757; gz -2.572
I: pitch: 40.50752roll: 24.757599yaw: 52.323902
I: data [not calibrated]: ; ax -0.215; ay 0.102; az 0.982; gx 0.857; gy -5.827; gz -2.502
I: pitch: 43.017944roll: -18.82617yaw: -16.820946
I: data [not calibrated]: ; ax -0.217; ay 0.103; az 0.985; gx 0.84; gy -5.652; gz -2.59
I: pitch: 89.397644roll: -15.317832yaw: -105.79971
I: data [not calibrated]: ; ax -0.217; ay 0.101; az 0.982; gx 1.015; gy -5.67; gz -2.502
I: pitch: 90.076195roll: 32.65348yaw: 97.35786
I: data [not calibrated]: ; ax -0.216; ay 0.104; az 0.982; gx 0.91; gy -5.652; gz -2.537
I: pitch: 37.91358roll: 25.587015yaw: 48.735027
I: data [not calibrated]: ; ax -0.215; ay 0.101; az 0.978; gx 1.015; gy -5.74; gz -2.537
I: pitch: 43.5667roll: -18.638144yaw: -19.24055
I: data [not calibrated]: ; ax -0.215; ay 0.102; az 0.979; gx 0.945; gy -5.757; gz -2.572
I: pitch: 90.664444roll: -13.929231yaw: -107.70292
I: data [not calibrated]: ; ax -0.217; ay 0.101; az 0.984; gx 0.857; gy -5.74; gz -2.607
I: pitch: 91.42303roll: 30.707201yaw: 102.50932
I: data [not calibrated]: ; ax -0.218; ay 0.1; az 0.981; gx 0.822; gy -5.792; gz -2.537
I: pitch: 39.9965roll: 25.640694yaw: 55.81681
I: data [not calibrated]: ; ax -0.217; ay 0.101; az 0.976; gx 1.067; gy -5.775; gz -2.59
I: pitch: 44.74509roll: -16.683794yaw: -13.689545
I: data [not calibrated]: ; ax -0.216; ay 0.1; az 0.984; gx 0.857; gy -5.705; gz -2.537
I: pitch: 88.27277roll: -13.7864275yaw: -101.68457
I: data [not calibrated]: ; ax -0.216; ay 0.104; az 0.98; gx 1.015; gy -5.74; gz -2.555
I: pitch: 92.12223roll: 28.927485yaw: 108.04142
I: data [not calibrated]: ; ax -0.216; ay 0.103; az 0.983; gx 0.84; gy -5.81; gz -2.555
I: pitch: 41.36996roll: 26.333702yaw: 60.179268
I: data [not calibrated]: ; ax -0.213; ay 0.101; az 0.98; gx 1.05; gy -5.81; gz -2.572
I: pitch: 43.74304roll: -15.190654yaw: -8.659765
I: data [not calibrated]: ; ax -0.215; ay 0.098; az 0.984; gx 0.892; gy -5.635; gz -2.52
I: pitch: 86.47239roll: -14.980669yaw: -95.534775
I: data [not calibrated]: ; ax -0.215; ay 0.1; az 0.981; gx 0.927; gy -5.67; gz -2.607
I: pitch: 92.08115roll: 26.679287yaw: 115.140976
I: data [not calibrated]: ; ax -0.216; ay 0.102; az 0.983; gx 0.875; gy -5.652; gz -2.572
I: pitch: 43.214844roll: 28.349731yaw: 68.68915
I: data [not calibrated]: ; ax -0.213; ay 0.101; az 0.979; gx 0.945; gy -5.722; gz -2.555
I: pitch: 41.11624roll: -12.85491yaw: 0.5729195
I: data [not calibrated]: ; ax -0.216; ay 0.103; az 0.981; gx 0.892; gy -5.775; gz -2.537
I: pitch: 89.19243roll: -9.687813yaw: -99.85052
I: data [not calibrated]: ; ax -0.217; ay 0.101; az 0.986; gx 0.805; gy -5.775; gz -2.502
I: pitch: 86.75072roll: 30.251787yaw: 104.16393
I: data [not calibrated]: ; ax -0.217; ay 0.102; az 0.98; gx 0.927; gy -5.635; gz -2.572
I: pitch: 41.31498roll: 24.003105yaw: 59.046925
I: data [not calibrated]: ; ax -0.216; ay 0.102; az 0.985; gx 0.752; gy -5.792; gz -2.607
I: pitch: 48.21796roll: -19.308598yaw: -17.836582
I: data [not calibrated]: ; ax -0.217; ay 0.102; az 0.983; gx 0.77; gy -5.705; gz -2.52
I: pitch: 91.007935roll: -11.530505yaw: -107.267494
I: data [not calibrated]: ; ax -0.218; ay 0.101; az 0.982; gx 0.875; gy -5.722; gz -2.537
I: pitch: 83.71535roll: 33.02899yaw: 91.99245
I: data [not calibrated]: ; ax -0.216; ay 0.1; az 0.986; gx 0.717; gy -5.775; gz -2.572
I: pitch: 37.427578roll: 19.416319yaw: 48.347767
I: data [not calibrated]: ; ax -0.216; ay 0.099; az 0.984; gx 0.875; gy -5.705; gz -2.52
I: pitch: 48.562763roll: -21.40612yaw: -21.35541
I: data [not calibrated]: ; ax -0.218; ay 0.101; az 0.987; gx 0.857; gy -5.722; gz -2.572
I: pitch: 93.79653roll: -5.902602yaw: -113.74545
I: data [not calibrated]: ; ax -0.216; ay 0.101; az 0.981; gx 0.91; gy -5.81; gz -2.59
I: pitch: 73.53083roll: 36.991737yaw: 75.739555
I: FinalizerDaemon: finalize objects = 17
I: data [not calibrated]: ; ax -0.216; ay 0.101; az 0.983; gx 0.787; gy -5.705; gz -2.555
I: pitch: 34.666767roll: 8.612231yaw: 32.43738
I: data [not calibrated]: ; ax -0.214; ay 0.103; az 0.982; gx 0.857; gy -5.652; gz -2.572
I: pitch: 59.365128roll: -25.170986yaw: -42.516926
I: data [not calibrated]: ; ax -0.217; ay 0.102; az 0.982; gx 0.822; gy -5.81; gz -2.59
I: pitch: 96.33048roll: 7.5116134yaw: -136.09343
I: data [not calibrated]: ; ax -0.215; ay 0.1; az 0.985; gx 0.857; gy -5.687; gz -2.607
I: pitch: 51.139626roll: 33.747116yaw: 34.16674
I: data [not calibrated]: ; ax -0.218; ay 0.101; az 0.987; gx 0.805; gy -5.74; gz -2.52
I: pitch: 37.269917roll: -9.042779yaw: 1.6581769
I: data [not calibrated]: ; ax -0.217; ay 0.101; az 0.981; gx 0.857; gy -5.705; gz -2.555
I: pitch: 86.61649roll: -14.822507yaw: -92.8828
I: data [not calibrated]: ; ax -0.216; ay 0.101; az 0.984; gx 0.822; gy -5.792; gz -2.52
I: pitch: 84.5564roll: 31.6188yaw: 100.58186
I: data [not calibrated]: ; ax -0.216; ay 0.102; az 0.985; gx 0.822; gy -5.792; gz -2.59
I: pitch: 37.656635roll: 12.28981yaw: 43.272903
I: data [not calibrated]: ; ax -0.215; ay 0.1; az 0.98; gx 0.892; gy -5.775; gz -2.52
I: pitch: 61.749466roll: -24.095901yaw: -41.505207
I: data [not calibrated]: ; ax -0.215; ay 0.101; az 0.982; gx 0.98; gy -5.81; gz -2.572
I: pitch: 97.90953roll: 9.482728yaw: -134.48993
I: data [not calibrated]: ; ax -0.215; ay 0.102; az 0.984; gx 0.752; gy -5.705; gz -2.467
I: pitch: 49.83886roll: 32.179165yaw: 34.55047
I: data [not calibrated]: ; ax -0.216; ay 0.103; az 0.98; gx 0.892; gy -5.775; gz -2.572
I: pitch: 39.504925roll: -10.289577yaw: 1.336666
I: data [not calibrated]: ; ax -0.215; ay 0.101; az 0.984; gx 0.77; gy -5.74; gz -2.52
I: pitch: 87.120186roll: -13.562394yaw: -93.14006
I: data [not calibrated]: ; ax -0.218; ay 0.101; az 0.986; gx 0.822; gy -5.617; gz -2.502
I: pitch: 82.97075roll: 32.1085yaw: 100.154335
I: data [not calibrated]: ; ax -0.217; ay 0.105; az 0.972; gx 1.085; gy -5.635; gz -2.59
I: pitch: 38.781837roll: 14.3809805yaw: 43.19683
I: data [not calibrated]: ; ax -0.216; ay 0.103; az 0.979; gx 0.857; gy -5.775; gz -2.572
I: pitch: 59.591278roll: -22.364828yaw: -41.38451
I: data [not calibrated]: ; ax -0.217; ay 0.099; az 0.985; gx 0.717; gy -5.775; gz -2.555
I: pitch: 94.43012roll: 1.8863478yaw: -132.18913
I: data [not calibrated]: ; ax -0.215; ay 0.101; az 0.981; gx 0.91; gy -5.74; gz -2.537
I: pitch: 59.585754roll: 33.727077yaw: 43.447258
I: data [not calibrated]: ; ax -0.215; ay 0.101; az 0.98; gx 0.84; gy -5.792; gz -2.502
I: pitch: 40.474457roll: -5.307871yaw: 1.5017538
I: data [not calibrated]: ; ax -0.214; ay 0.1; az 0.985; gx 0.7; gy -5.792; gz -2.555
I: pitch: 82.7152roll: -15.300307yaw: -94.93746
I: data [not calibrated]: ; ax -0.217; ay 0.1; az 0.984; gx 0.857; gy -5.792; gz -2.555
I: pitch: 89.14027roll: 25.556662yaw: 104.986435
I: data [not calibrated]: ; ax -0.219; ay 0.102; az 0.987; gx 0.805; gy -5.705; gz -2.555
I: pitch: 41.52462roll: 18.549965yaw: 47.27993
I: data [not calibrated]: ; ax -0.215; ay 0.101; az 0.982; gx 0.875; gy -5.757; gz -2.572
I: pitch: 58.68634roll: -20.637966yaw: -42.13352
I: data [not calibrated]: ; ax -0.215; ay 0.101; az 0.982; gx 0.962; gy -5.74; gz -2.59
I: pitch: 94.90996roll: 6.5148783yaw: -138.04506
I: data [not calibrated]: ; ax -0.217; ay 0.101; az 0.98; gx 0.892; gy -5.652; gz -2.555
I: pitch: 50.78954roll: 31.30706yaw: 27.05522
I: data [not calibrated]: ; ax -0.215; ay 0.1; az 0.987; gx 0.7; gy -5.722; gz -2.537
I: pitch: 43.769497roll: -15.53783yaw: -17.397457
I: data [not calibrated]: ; ax -0.213; ay 0.101; az 0.977; gx 1.015; gy -5.74; gz -2.485
I: pitch: 93.70744roll: -7.60331yaw: -112.12062
I: data [not calibrated]: ; ax -0.216; ay 0.099; az 0.98; gx 1.137; gy -5.827; gz -2.415
I: pitch: 68.58763roll: 39.23965yaw: 61.930138
I: FinalizerDaemon: finalize objects = 12
I: data [not calibrated]: ; ax -0.216; ay 0.1; az 0.984; gx 0.805; gy -5.705; gz -2.502
I: pitch: 34.26722roll: -1.1215689yaw: 12.261434
I: data [not calibrated]: ; ax -0.216; ay 0.098; az 0.986; gx 0.595; gy -5.81; gz -2.572
I: pitch: 80.57958roll: -23.63472yaw: -87.685234
I: data [not calibrated]: ; ax -0.213; ay 0.1; az 0.987; gx 0.84; gy -5.915; gz -2.52
I: pitch: 96.91169roll: 25.151571yaw: 110.44063
