I: FinalizerDaemon: finalize objects = 370
I: Calib?0
I: Calib?1
I: Calib?2
I: Calib?3
I: Calib?4
I: Calib?5
I: Calib?6
I: Calib?7
I: Calib?8
I: Calib?9
I: Calib?10
I: Calib?11
I: Calib?12
I: Calib?13
I: Calib?14
I: Calib?15
I: Calib?16
I: Calib?17
I: Calib?18
I: Calib?19
I: Calib?20
I: Calib?21
I: Calib?22
I: Calib?
I: Calib?24
I: Calib?25
I: Calib?26
I: Calib?27
I: Calib?28
I: Calib?29
I: Calib?30
I: Calib?
I: data [calibrated]: ; ax -0.0020624846; ay -0.002124995; az 0.0014374852; gx 0.100343764; gy -0.03306341; gz 8.120537E-4
I: pitch: 143.39857roll: 0.24441458yaw: -108.61443
I: data [calibrated]: ; ax -6.249547E-5; ay -1.2499094E-4; az -0.0015625358; gx -0.12665617; gy -0.015063286; gz 0.03581214
I: pitch: 172.35219roll: 0.6796452yaw: -130.4968
I: data [calibrated]: ; ax -0.0010624975; ay 0.0028750002; az -0.0015625358; gx 0.0653438; gy -0.015063286; gz 0.017812252
I: pitch: 177.8931roll: 1.0353626yaw: -134.96436
I: data [calibrated]: ; ax -0.0010624975; ay -1.2499094E-4; az -5.6254864E-4; gx -0.14465618; gy -0.120063305; gz 0.0528121
I: pitch: 178.39241roll: 2.2540913yaw: -136.11758
I: data [calibrated]: ; ax 9.3750656E-4; ay -1.2499094E-4; az 0.0024374723; gx -0.109656155; gy -0.015063286; gz -0.034187794
I: pitch: 177.49722roll: 2.4982471yaw: -136.033
I: data [calibrated]: ; ax -6.249547E-5; ay -0.002124995; az 0.0014374852; gx -0.109656155; gy -0.06806326; gz 0.017812252
I: pitch: 177.03088roll: 2.8753576yaw: -136.10527
I: data [calibrated]: ; ax -6.249547E-5; ay 8.750111E-4; az 0.0014374852; gx -0.3016562; gy 0.0019369125; gz 0.0528121
I: pitch: 175.40341roll: 2.944407yaw: -136.36836
I: data [calibrated]: ; ax -0.0020624846; ay 0.0028750002; az 4.374385E-4; gx -0.0046561956; gy -0.015063286; gz -0.017187834
I: pitch: 174.56685roll: 3.4194336yaw: -136.33748

    --------- beginning of syst
I: data [calibrated]: ; ax -0.0020624846; ay -0.002124995; az 0.0024374723; gx -0.109656155; gy -0.120063305; gz -0.06918788
I: pitch: 173.68744roll: 5.0207367yaw: -135.7913
I: data [calibrated]: ; ax 0.0029375106; ay 8.750111E-4; az -0.002562523; gx 0.11834377; gy -0.03306341; gz 0.03581214
I: pitch: 173.92035roll: 4.81249yaw: -135.87816
I: data [calibrated]: ; ax -0.0010624975; ay -0.002124995; az 4.374385E-4; gx -0.09165621; gy 0.054936886; gz 8.120537E-4
I: pitch: 173.85202roll: 4.682927yaw: -135.8475
I: data [calibrated]: ; ax 0.0019375086; ay 0.0028750002; az -0.00356251; gx 0.20534378; gy -0.015063286; gz 0.10581207
I: pitch: 174.21472roll: 4.186173yaw: -136.38634
I: data [calibrated]: ; ax -0.0010624975; ay -0.001124993; az 0.0014374852; gx -0.05665618; gy 0.03693676; gz -0.017187834
I: pitch: 174.15784roll: 4.073732yaw: -136.38994
I: data [calibrated]: ; ax -6.249547E-5; ay -1.2499094E-4; az 0.0014374852; gx 0.048343837; gy -0.050063133; gz 0.070812225
I: pitch: 174.34306roll: 4.2778077yaw: -136.74469
I: data [calibrated]: ; ax -0.0030624866; ay -1.2499094E-4; az 0.0034374595; gx -0.109656155; gy 0.054936886; gz -0.017187834
I: pitch: 173.61362roll: 4.236974yaw: -136.66013
I: data [calibrated]: ; ax -6.249547E-5; ay 0.0018749982; az -5.6254864E-4; gx -0.109656155; gy -0.06806326; gz 0.03581214
I: pitch: 172.40184roll: 4.524058yaw: -136.88934
I: data [calibrated]: ; ax -0.0010624975; ay -1.2499094E-4; az 0.0014374852; gx -0.17965621; gy 0.054936886; gz -0.017187834
I: pitch: 171.32634roll: 4.5099325yaw: -136.82126
I: data [calibrated]: ; ax 9.3750656E-4; ay 0.0018749982; az -0.0015625358; gx -0.039656162; gy 0.054936886; gz 0.070812225
I: pitch: 170.35542roll: 3.8334427yaw: -137.12968
I: data [calibrated]: ; ax -0.0010624975; ay 0.0018749982; az -5.6254864E-4; gx -0.07465619; gy -0.050063133; gz -0.017187834
I: pitch: 169.3689roll: 4.1966844yaw: -137.18643
I: data [calibrated]: ; ax -0.0010624975; ay -1.2499094E-4; az 0.0014374852; gx 0.013343811; gy 0.07193661; gz 0.070812225
I: pitch: 169.21672roll: 3.8203843yaw: -137.72853
I: data [calibrated]: ; ax 9.3750656E-4; ay 8.750111E-4; az -0.0015625358; gx -0.09165621; gy 0.0019369125; gz -0.034187794
I: pitch: 168.4093roll: 3.095862yaw: -137.698
I: data [calibrated]: ; ax -0.0010624975; ay -1.2499094E-4; az -5.6254864E-4; gx 0.013343811; gy -0.050063133; gz 8.120537E-4
I: pitch: 168.53772roll: 4.168522yaw: -137.75505
I: data [calibrated]: ; ax 9.3750656E-4; ay -0.001124993; az 0.0014374852; gx -0.021656156; gy -0.03306341; gz 8.120537E-4
I: pitch: 168.5654roll: 4.4532185yaw: -137.805
I: data [calibrated]: ; ax -0.0020624846; ay -0.001124993; az 0.0024374723; gx 0.013343811; gy -0.015063286; gz -0.05218792
I: pitch: 168.76454roll: 4.9490037yaw: -137.47409
I: data [calibrated]: ; ax -0.0010624975; ay -0.001124993; az 0.0014374852; gx -0.09165621; gy -0.015063286; gz -0.017187834
I: pitch: 168.32904roll: 5.407739yaw: -137.29718
I: data [calibrated]: ; ax -6.249547E-5; ay -1.2499094E-4; az -5.6254864E-4; gx -0.05665618; gy -0.050063133; gz 0.017812252
I: pitch: 168.86911roll: 5.752215yaw: -137.30113
I: data [calibrated]: ; ax -0.0030624866; ay -1.2499094E-4; az 0.0044374466; gx -0.021656156; gy -0.03306341; gz 8.120537E-4
I: pitch: 168.69865roll: 6.455087yaw: -137.37741
I: data [calibrated]: ; ax -6.249547E-5; ay -1.2499094E-4; az 0.0014374852; gx -0.07465619; gy -0.03306341; gz 0.017812252
I: pitch: 168.08392roll: 6.8520207yaw: -137.56734
I: data [calibrated]: ; ax 9.3750656E-4; ay -0.001124993; az -0.0015625358; gx 0.0653438; gy -0.13806343; gz 0.017812252
I: pitch: 170.10037roll: 7.3840446yaw: -137.96556
I: data [calibrated]: ; ax -0.0010624975; ay -1.2499094E-4; az 0.0024374723; gx -0.07465619; gy -0.03306341; gz -0.017187834
I: pitch: 169.76826roll: 8.077238yaw: -137.94756
I: data [calibrated]: ; ax -6.249547E-5; ay -0.002124995; az -0.0015625358; gx 0.13534385; gy 0.07193661; gz -0.08718777
I: pitch: 171.7043roll: 7.77257yaw: -137.12247
I: data [calibrated]: ; ax -6.249547E-5; ay -0.001124993; az 0.0014374852; gx -0.12665617; gy -0.03306341; gz 0.0528121
I: pitch: 171.35161roll: 7.9426365yaw: -137.3311
I: data [calibrated]: ; ax -0.0030624866; ay -0.003124997; az 0.0014374852; gx 0.013343811; gy 0.0019369125; gz -0.05218792
I: pitch: 171.74347roll: 8.376426yaw: -136.96126
I: data [calibrated]: ; ax -0.0010624975; ay -0.001124993; az 0.0014374852; gx -0.09165621; gy 0.0019369125; gz -0.034187794
I: pitch: 171.3938roll: 8.735659yaw: -136.61966
I: data [calibrated]: ; ax -0.0020624846; ay 0.0018749982; az 4.374385E-4; gx 0.11834377; gy -0.08506346; gz -0.017187834
I: pitch: 171.73344roll: 9.8474045yaw: -136.581
I: data [calibrated]: ; ax -6.249547E-5; ay -0.002124995; az 0.0034374595; gx -0.17965621; gy 0.07193661; gz -0.06918788
I: pitch: 170.4452roll: 9.592953yaw: -135.77975
I: data [calibrated]: ; ax -0.0010624975; ay -0.002124995; az 4.374385E-4; gx -0.0046561956; gy -0.08506346; gz 0.017812252
I: pitch: 170.56992roll: 10.3627615yaw: -135.76694
I: data [calibrated]: ; ax -0.0030624866; ay -1.2499094E-4; az 0.0044374466; gx -0.109656155; gy -0.06806326; gz 8.120537E-4
I: pitch: 169.7677roll: 11.260636yaw: -135.86407
I: data [calibrated]: ; ax -0.0010624975; ay -1.2499094E-4; az 0.0024374723; gx -0.1616562; gy -0.015063286; gz -0.034187794
I: pitch: 168.46962roll: 11.805476yaw: -135.675
I: data [calibrated]: ; ax -0.0010624975; ay 0.0028750002; az 4.374385E-4; gx -0.26665616; gy 0.0019369125; gz -0.017187834
I: pitch: 165.7888roll: 12.128916yaw: -135.64601
I: data [calibrated]: ; ax 0.0019375086; ay 0.0038750023; az -0.0045625567; gx 0.13534385; gy 0.12493658; gz 8.120537E-4
I: pitch: 165.4858roll: 10.489238yaw: -135.58138
I: data [calibrated]: ; ax 9.3750656E-4; ay 0.0028750002; az 0.0024374723; gx 0.013343811; gy 0.054936886; gz -0.017187834
I: pitch: 165.06433roll: 9.591849yaw: -135.36288
I: FinalizerDaemon: finalize objects = 203
I: data [calibrated]: ; ax -6.249547E-5; ay 0.0028750002; az 0.0064374804; gx -0.26665616; gy 0.0019369125; gz -0.017187834
I: pitch: 162.27434roll: 9.505265yaw: -135.21599
I: data [calibrated]: ; ax -0.0010624975; ay -0.001124993; az 0.0024374723; gx -0.12665617; gy -0.015063286; gz 0.03581214
I: pitch: 160.51665roll: 9.775235yaw: -135.551
I: data [calibrated]: ; ax -0.0010624975; ay 8.750111E-4; az -5.6254864E-4; gx 0.15334386; gy 0.03693676; gz -0.017187834
I: pitch: 160.94383roll: 10.545443yaw: -135.459
I: data [calibrated]: ; ax 9.3750656E-4; ay 8.750111E-4; az 0.0024374723; gx 0.11834377; gy 0.07193661; gz -0.034187794
I: pitch: 161.69766roll: 10.224082yaw: -135.09177
I: data [calibrated]: ; ax -6.249547E-5; ay -1.2499094E-4; az -0.0015625358; gx 0.0653438; gy 0.0019369125; gz 0.070812225
I: pitch: 163.53345roll: 9.585766yaw: -135.25935
I: data [calibrated]: ; ax -0.0020624846; ay 8.750111E-4; az 4.374385E-4; gx -0.0046561956; gy -0.03306341; gz 8.120537E-4
I: pitch: 163.59409roll: 10.23149yaw: -135.4088
I: data [calibrated]: ; ax -6.249547E-5; ay 0.0018749982; az -5.6254864E-4; gx 0.03034383; gy 0.03693676; gz 0.10581207
I: pitch: 162.85226roll: 9.82939yaw: -136.23642
I: data [calibrated]: ; ax -0.0020624846; ay 8.750111E-4; az 0.0034374595; gx -0.19665617; gy -0.03306341; gz 0.017812252
I: pitch: 161.12506roll: 10.1722355yaw: -136.62907
I: data [calibrated]: ; ax -0.0010624975; ay 0.0028750002; az 4.374385E-4; gx 0.013343811; gy 0.03693676; gz 8.120537E-4
I: pitch: 160.25844roll: 10.201442yaw: -136.73828
I: data [calibrated]: ; ax 0.0019375086; ay -1.2499094E-4; az -5.6254864E-4; gx -0.039656162; gy -0.015063286; gz 8.120537E-4
I: pitch: 159.91786roll: 9.569067yaw: -136.78014
I: data [calibrated]: ; ax -0.0020624846; ay 0.0018749982; az 0.0034374595; gx -0.021656156; gy -0.03306341; gz -0.017187834
I: pitch: 159.417roll: 9.937212yaw: -136.8039
I: data [calibrated]: ; ax -0.0010624975; ay -1.2499094E-4; az -0.00356251; gx -0.05665618; gy 0.054936886; gz -0.017187834
I: pitch: 160.27254roll: 10.13757yaw: -136.3363
I: data [calibrated]: ; ax 9.3750656E-4; ay 0.0028750002; az -5.6254864E-4; gx -0.0046561956; gy -0.06806326; gz -0.034187794
I: pitch: 159.69388roll: 10.3694315yaw: -136.30571
I: data [calibrated]: ; ax 0.0019375086; ay -0.002124995; az -0.0015625358; gx -0.1616562; gy 0.054936886; gz -0.05218792
I: pitch: 159.19527roll: 9.666569yaw: -135.696
I: data [calibrated]: ; ax 0.0019375086; ay -1.2499094E-4; az -0.00356251; gx -0.1616562; gy 0.14193678; gz 0.017812252
I: pitch: 158.47992roll: 6.787299yaw: -135.10054
I: data [calibrated]: ; ax -0.0040624887; ay 0.0028750002; az 4.374385E-4; gx -0.12665617; gy -0.015063286; gz 8.120537E-4
I: pitch: 157.0593roll: 6.8475304yaw: -135.07582
I: data [calibrated]: ; ax 0.0019375086; ay 0.0018749982; az 0.0014374852; gx 0.083343804; gy 0.07193661; gz 8.120537E-4
I: pitch: 157.00424roll: 6.0956583yaw: -134.923
I: data [calibrated]: ; ax -6.249547E-5; ay -1.2499094E-4; az -0.00356251; gx 0.048343837; gy 0.03693676; gz -0.034187794
I: pitch: 159.28957roll: 5.4174995yaw: -134.29602
I: data [calibrated]: ; ax -0.0010624975; ay 0.0028750002; az 0.0024374723; gx 0.0653438; gy -0.03306341; gz 0.0528121
I: pitch: 159.74263roll: 5.510481yaw: -134.63611
I: data [calibrated]: ; ax 9.3750656E-4; ay -0.001124993; az 0.0014374852; gx -0.07465619; gy -0.050063133; gz -0.034187794
I: pitch: 159.29079roll: 5.88498yaw: -134.55186
I: data [calibrated]: ; ax -0.0020624846; ay 0.0018749982; az -5.6254864E-4; gx 0.100343764; gy -0.015063286; gz 0.070812225
I: pitch: 159.38333roll: 6.6884336yaw: -135.271
I: data [calibrated]: ; ax 0.0019375086; ay -1.2499094E-4; az -0.0015625358; gx 0.048343837; gy -0.03306341; gz 0.03581214
I: pitch: 160.21745roll: 5.7337694yaw: -135.7976
I: data [calibrated]: ; ax -6.249547E-5; ay -0.002124995; az 4.374385E-4; gx 0.013343811; gy -0.015063286; gz 8.120537E-4
I: pitch: 160.89981roll: 5.6781673yaw: -135.90169
I: data [calibrated]: ; ax -6.249547E-5; ay -1.2499094E-4; az 0.0044374466; gx -0.09165621; gy 0.054936886; gz -0.017187834
I: pitch: 160.30777roll: 5.381877yaw: -135.690
I: data [calibrated]: ; ax -0.0010624975; ay 0.0018749982; az 0.0014374852; gx -0.1616562; gy 0.03693676; gz 0.017812252
I: pitch: 157.58148roll: 5.1924143yaw: -135.75941
I: data [calibrated]: ; ax -6.249547E-5; ay -1.2499094E-4; az 0.0014374852; gx -0.05665618; gy -0.050063133; gz -0.017187834
I: pitch: 156.3514roll: 5.7099495yaw: -135.82697
I: data [calibrated]: ; ax -0.0030624866; ay -0.001124993; az 0.0014374852; gx -0.09165621; gy 0.0019369125; gz -0.10418773
I: pitch: 155.43123roll: 6.788488yaw: -134.936
I: data [calibrated]: ; ax -6.249547E-5; ay -1.2499094E-4; az -0.005562544; gx 0.100343764; gy -0.08506346; gz -0.034187794
I: pitch: 157.95279roll: 7.432492yaw: -134.5681
I: data [calibrated]: ; ax 0.0039375126; ay 8.750111E-4; az -0.005562544; gx 0.24034387; gy -0.06806326; gz -0.034187794
I: pitch: 161.0989roll: 6.7036905yaw: -134.39975
I: data [calibrated]: ; ax -0.0010624975; ay 0.0018749982; az -5.6254864E-4; gx 0.048343837; gy 0.0019369125; gz -0.034187794
I: pitch: 161.37282roll: 7.0340853yaw: -134.21634
I: data [calibrated]: ; ax 0.0019375086; ay 0.0018749982; az -5.6254864E-4; gx -0.0046561956; gy -0.015063286; gz 0.017812252
I: pitch: 160.9001roll: 6.547018yaw: -134.387
I: data [calibrated]: ; ax -6.249547E-5; ay 0.0048750043; az -5.6254864E-4; gx 0.013343811; gy 0.0019369125; gz -0.034187794
I: pitch: 159.94029roll: 6.4989634yaw: -134.22661
I: data [calibrated]: ; ax -6.249547E-5; ay -0.002124995; az 0.0014374852; gx -0.19665617; gy -0.06806326; gz 8.120537E-4
I: pitch: 158.2159roll: 7.1417108yaw: -134.397
I: data [calibrated]: ; ax -6.249547E-5; ay 0.0028750002; az 0.0014374852; gx -0.05665618; gy 0.019936562; gz 0.017812252
I: pitch: 156.9301roll: 7.1075234yaw: -134.56
I: data [calibrated]: ; ax -0.0020624846; ay 8.750111E-4; az -5.6254864E-4; gx 0.03034383; gy 0.03693676; gz 0.0528121
I: pitch: 156.59215roll: 7.667153yaw: -134.962
I: data [calibrated]: ; ax 0.0019375086; ay 8.750111E-4; az -5.6254864E-4; gx -0.26665616; gy -0.015063286; gz -0.017187834
I: pitch: 153.8598roll: 6.9787664yaw: -134.96895
I: data [calibrated]: ; ax -6.249547E-5; ay 0.0018749982; az 4.374385E-4; gx -0.1616562; gy -0.050063133; gz -0.017187834
I: pitch: 150.89337roll: 7.3367786yaw: -135.156
I: data [calibrated]: ; ax -0.0030624866; ay -0.001124993; az 0.0014374852; gx -0.17965621; gy -0.06806326; gz -0.017187834
I: pitch: 148.20691roll: 8.968461yaw: -135.44838
I: data [calibrated]: ; ax -0.0010624975; ay -1.2499094E-4; az -5.6254864E-4; gx 0.17034382; gy -0.015063286; gz 0.0528121
I: pitch: 149.64876roll: 10.348073yaw: -135.89159
I: data [calibrated]: ; ax -0.0010624975; ay 0.0038750023; az 0.0074374676; gx -0.17965621; gy -0.03306341; gz -0.05218792
I: pitch: 147.84195roll: 11.260362yaw: -135.81
I: data [calibrated]: ; ax -0.0010624975; ay -0.001124993; az -0.0015625358; gx 0.20534378; gy -0.03306341; gz -0.017187834
I: pitch: 150.72903roll: 12.438094yaw: -135.52333
I: data [calibrated]: ; ax 9.3750656E-4; ay 0.0028750002; az -0.0015625358; gx -0.109656155; gy -0.06806326; gz 0.017812252
I: pitch: 149.1545roll: 12.270734yaw: -136.143
I: data [calibrated]: ; ax -0.0020624846; ay 0.0028750002; az -0.0015625358; gx -0.14465618; gy 0.14193678; gz 0.017812252
I: pitch: 146.07846roll: 11.764391yaw: -135.818
I: data [calibrated]: ; ax 0.0019375086; ay -0.001124993; az -0.0045625567; gx 0.100343764; gy 0.0019369125; gz 0.0528121
I: pitch: 148.279roll: 10.066583yaw: -135.95084
I: data [calibrated]: ; ax 0.0029375106; ay 8.750111E-4; az -0.007562518; gx 0.13534385; gy -0.10306311; gz 0.03581214
I: pitch: 150.95717roll: 8.966301yaw: -136.5917
I: data [calibrated]: ; ax 9.3750656E-4; ay -0.001124993; az -0.005562544; gx -0.039656162; gy -0.06806326; gz 8.120537E-4
I: pitch: 152.73471roll: 8.581691yaw: -136.780
I: data [calibrated]: ; ax -6.249547E-5; ay 0.0018749982; az 4.374385E-4; gx -0.1616562; gy -0.120063305; gz -0.05218792
I: pitch: 150.6942roll: 9.715993yaw: -137.05048
I: data [calibrated]: ; ax -6.249547E-5; ay 8.750111E-4; az 0.0014374852; gx -0.0046561956; gy -0.015063286; gz -0.017187834
I: pitch: 149.74782roll: 10.214374yaw: -137.12328
I: data [calibrated]: ; ax -0.0010624975; ay 8.750111E-4; az 0.0014374852; gx -0.021656156; gy -0.03306341; gz 8.120537E-4
I: pitch: 148.85875roll: 10.940454yaw: -137.391
I: data [calibrated]: ; ax -0.0010624975; ay 8.750111E-4; az 4.374385E-4; gx -0.09165621; gy 0.0019369125; gz 0.070812225
I: pitch: 147.1238roll: 11.324606yaw: -138.12944
I: data [calibrated]: ; ax 0.0019375086; ay 0.0018749982; az 0.0044374466; gx -0.26665616; gy -0.03306341; gz -0.017187834
I: pitch: 143.82263roll: 11.597947yaw: -138.407
I: data [calibrated]: ; ax -6.249547E-5; ay -0.001124993; az -5.6254864E-4; gx -0.05665618; gy 0.0019369125; gz 0.03581214
I: pitch: 143.62663roll: 11.524592yaw: -138.514
I: data [calibrated]: ; ax -6.249547E-5; ay 8.750111E-4; az -0.005562544; gx 0.27534384; gy -0.050063133; gz 0.017812252
I: pitch: 147.67125roll: 11.178949yaw: -138.614
I: data [calibrated]: ; ax -6.249547E-5; ay 0.0038750023; az -5.6254864E-4; gx -0.0046561956; gy -0.050063133; gz 0.03581214
I: pitch: 147.22408roll: 11.173869yaw: -139.38599
I: data [calibrated]: ; ax -6.249547E-5; ay -0.004124999; az -0.002562523; gx 0.048343837; gy 0.019936562; gz -0.034187794
I: pitch: 149.26186roll: 11.200255yaw: -138.779
I: FinalizerDaemon: finalize objects = 25
I: data [calibrated]: ; ax -0.0010624975; ay 0.0018749982; az 4.374385E-4; gx -0.0046561956; gy 0.0019369125; gz -0.017187834
I: pitch: 148.40932roll: 11.917947yaw: -138.6813
I: data [calibrated]: ; ax 9.3750656E-4; ay -0.001124993; az 0.0034374595; gx -0.07465619; gy -0.015063286; gz -0.05218792
I: pitch: 147.46265roll: 12.433306yaw: -138.32602
I: data [calibrated]: ; ax -0.0010624975; ay -0.001124993; az 4.374385E-4; gx -0.109656155; gy 0.03693676; gz 0.017812252
I: pitch: 146.61172roll: 12.68691yaw: -138.146
I: data [calibrated]: ; ax 9.3750656E-4; ay -0.002124995; az 0.0014374852; gx 0.11834377; gy -0.015063286; gz -0.06918788
I: pitch: 147.87187roll: 13.125639yaw: -137.58238
I: data [calibrated]: ; ax 9.3750656E-4; ay 0.0028750002; az -0.0015625358; gx -0.07465619; gy -0.015063286; gz 0.03581214
I: pitch: 146.35376roll: 12.202749yaw: -138.044
I: data [calibrated]: ; ax -6.249547E-5; ay -0.001124993; az 4.374385E-4; gx 0.048343837; gy -0.015063286; gz 8.120537E-4
I: pitch: 147.04733roll: 12.331009yaw: -138.148
I: data [calibrated]: ; ax -6.249547E-5; ay 8.750111E-4; az 4.374385E-4; gx -0.14465618; gy 0.019936562; gz -0.017187834
I: pitch: 144.53862roll: 12.31033yaw: -138.08043
I: data [calibrated]: ; ax -6.249547E-5; ay 0.0028750002; az 0.0014374852; gx -0.12665617; gy -0.03306341; gz 0.0528121
I: pitch: 141.91843roll: 12.235012yaw: -138.83003
I: data [calibrated]: ; ax 9.3750656E-4; ay -0.002124995; az 0.0024374723; gx 0.100343764; gy 0.054936886; gz 0.03581214
I: pitch: 142.36572roll: 11.571768yaw: -138.920
I: data [calibrated]: ; ax -6.249547E-5; ay 0.0018749982; az -0.005562544; gx 0.083343804; gy -0.015063286; gz 0.070812225
I: pitch: 145.21962roll: 10.043645yaw: -139.3502
I: data [calibrated]: ; ax -0.0010624975; ay -1.2499094E-4; az -0.00356251; gx 0.083343804; gy -0.015063286; gz -0.05218792
I: pitch: 149.07243roll: 10.781886yaw: -138.61494
I: data [calibrated]: ; ax 0.0019375086; ay -0.001124993; az -5.6254864E-4; gx -0.039656162; gy -0.120063305; gz 0.0528121
I: pitch: 149.78638roll: 10.908913yaw: -139.37
I: data [calibrated]: ; ax 0.0029375106; ay -1.2499094E-4; az -0.002562523; gx -0.12665617; gy -0.08506346; gz 0.03581214
I: pitch: 148.80803roll: 9.751136yaw: -140.40375
I: data [calibrated]: ; ax 0.0019375086; ay 0.0018749982; az 4.374385E-4; gx -0.109656155; gy -0.015063286; gz 0.03581214
I: pitch: 146.52005roll: 8.63437yaw: -141.166
I: data [calibrated]: ; ax -6.249547E-5; ay 8.750111E-4; az 0.0024374723; gx -0.021656156; gy -0.050063133; gz 0.03581214
I: pitch: 144.95569roll: 8.795053yaw: -142.250
I: data [calibrated]: ; ax -0.0010624975; ay 8.750111E-4; az -0.002562523; gx -0.09165621; gy 0.019936562; gz -0.05218792
I: pitch: 145.6471roll: 10.769951yaw: -141.36795
I: data [calibrated]: ; ax -6.249547E-5; ay 8.750111E-4; az -5.6254864E-4; gx -0.0046561956; gy 0.106936455; gz 0.03581214
I: pitch: 143.75764roll: 9.022926yaw: -141.10939
I: data [calibrated]: ; ax -0.0020624846; ay 8.750111E-4; az 4.374385E-4; gx -0.021656156; gy -0.050063133; gz -0.06918788
I: pitch: 142.68027roll: 10.64967yaw: -140.843
I: data [calibrated]: ; ax -0.0030624866; ay 0.0028750002; az 0.0014374852; gx 0.048343837; gy -0.050063133; gz 8.120537E-4
I: pitch: 142.13115roll: 12.173086yaw: -141.32758
I: data [calibrated]: ; ax -0.0010624975; ay -1.2499094E-4; az -0.00356251; gx 0.11834377; gy -0.050063133; gz -0.034187794
I: pitch: 145.67393roll: 13.583527yaw: -140.924
I: data [calibrated]: ; ax -0.0010624975; ay 0.0018749982; az -0.002562523; gx -0.07465619; gy -0.08506346; gz 0.017812252
I: pitch: 144.25052roll: 16.329988yaw: -141.89929
I: data [calibrated]: ; ax -0.0010624975; ay -0.001124993; az -0.0015625358; gx -0.039656162; gy -0.050063133; gz 0.03581214
I: pitch: 145.32106roll: 18.10083yaw: -142
I: data [calibrated]: ; ax -6.249547E-5; ay 0.0028750002; az -0.0015625358; gx -0.05665618; gy 0.019936562; gz -0.017187834
I: pitch: 143.36858roll: 17.48093yaw: -142.554
I: data [calibrated]: ; ax -6.249547E-5; ay 8.750111E-4; az -5.6254864E-4; gx -0.039656162; gy 0.054936886; gz 8.120537E-4
I: pitch: 141.01964roll: 15.839828yaw: -142.66139
I: data [calibrated]: ; ax -0.0010624975; ay 8.750111E-4; az 0.0024374723; gx -0.21465617; gy 0.0019369125; gz 8.120537E-4
I: pitch: 136.75902roll: 15.922013yaw: -142.89151
I: data [calibrated]: ; ax -6.249547E-5; ay 8.750111E-4; az -0.002562523; gx -0.039656162; gy 0.0019369125; gz -0.06918788
I: pitch: 137.98767roll: 15.320271yaw: -141.558
I: data [calibrated]: ; ax -0.0010624975; ay 0.0028750002; az -0.0015625358; gx 0.03034383; gy -0.03306341; gz 0.03581214
I: pitch: 136.74791roll: 15.515341yaw: -142.32112
I: data [calibrated]: ; ax -0.0020624846; ay -1.2499094E-4; az 0.0014374852; gx 0.013343811; gy 0.07193661; gz 0.03581214
I: pitch: 136.38766roll: 15.4332yaw: -142.232
I: data [calibrated]: ; ax -0.0010624975; ay 0.0018749982; az 0.0014374852; gx -0.109656155; gy -0.015063286; gz 8.120537E-4
I: pitch: 133.54407roll: 16.008196yaw: -142.70665
I: data [calibrated]: ; ax -0.0010624975; ay 8.750111E-4; az -0.00356251; gx -0.021656156; gy -0.06806326; gz -0.017187834
I: pitch: 135.29298roll: 17.141775yaw: -142.551
I: data [calibrated]: ; ax -0.0020624846; ay 8.750111E-4; az -5.6254864E-4; gx 0.013343811; gy -0.03306341; gz 0.03581214
I: pitch: 135.31062roll: 19.280148yaw: -143.33546
I: data [calibrated]: ; ax -6.249547E-5; ay 0.0028750002; az -0.0015625358; gx -0.05665618; gy -0.015063286; gz 0.017812252
I: pitch: 132.32112roll: 17.673647yaw: -144.48851
I: data [calibrated]: ; ax -0.0010624975; ay -1.2499094E-4; az 4.374385E-4; gx -0.0046561956; gy 0.03693676; gz 0.017812252
I: pitch: 131.40471roll: 18.148108yaw: -144.54
I: data [calibrated]: ; ax -6.249547E-5; ay 0.0018749982; az -5.6254864E-4; gx -0.09165621; gy 0.07193661; gz 8.120537E-4
I: pitch: 128.3839roll: 16.519014yaw: -144.27591
I: data [calibrated]: ; ax -0.0010624975; ay 0.0018749982; az -5.6254864E-4; gx 0.17034382; gy 0.019936562; gz -0.05218792
I: pitch: 128.75206roll: 17.731335yaw: -143.95822
I: data [calibrated]: ; ax -0.0020624846; ay -0.002124995; az -5.6254864E-4; gx -0.021656156; gy 0.03693676; gz 8.120537E-4
I: pitch: 129.45943roll: 18.672028yaw: -143.297
I: data [calibrated]: ; ax -0.0010624975; ay 8.750111E-4; az -0.0015625358; gx 0.048343837; gy 0.03693676; gz -0.034187794
I: pitch: 132.81808roll: 20.401316yaw: -141.63976
I: data [calibrated]: ; ax -6.249547E-5; ay -1.2499094E-4; az 4.374385E-4; gx 0.013343811; gy 0.054936886; gz 0.10581207
I: pitch: 133.1296roll: 19.67566yaw: -141.86
I: FinalizerDaemon: finalize objects = 19
I: data [calibrated]: ; ax -0.0020624846; ay -1.2499094E-4; az 0.0034374595; gx -0.12665617; gy 0.03693676; gz -0.034187794
I: pitch: 131.08481roll: 20.167734yaw: -141.37155
I: data [calibrated]: ; ax -0.0040624887; ay 0.0018749982; az 0.0034374595; gx -0.09165621; gy 0.0019369125; gz 8.120537E-4
I: pitch: 128.49585roll: 21.11358yaw: -141.58664
I: data [calibrated]: ; ax -0.0050624907; ay -0.001124993; az 0.0054374337; gx -0.0046561956; gy -0.03306341; gz 8.120537E-4
I: pitch: 127.33789roll: 22.264042yaw: -142.14651
I: data [calibrated]: ; ax -6.249547E-5; ay 0.0028750002; az -0.00356251; gx 0.34534377; gy -0.08506346; gz 0.070812225
I: pitch: 131.70618roll: 20.707453yaw: -143.181
I: data [calibrated]: ; ax -0.0030624866; ay -0.001124993; az 0.0024374723; gx -0.109656155; gy 0.019936562; gz -0.017187834
I: pitch: 131.17369roll: 21.180212yaw: -143.15138
I: data [calibrated]: ; ax 0.0019375086; ay 8.750111E-4; az -0.005562544; gx 0.39834386; gy -0.050063133; gz 0.070812225
I: pitch: 137.0391roll: 19.512146yaw: -143.65714
I: data [calibrated]: ; ax -0.0010624975; ay 0.0028750002; az -5.6254864E-4; gx -0.2316562; gy 0.03693676; gz 8.120537E-4
I: pitch: 133.96078roll: 19.035831yaw: -143.96
I: data [calibrated]: ; ax 0.0029375106; ay 0.0028750002; az -0.0045625567; gx 0.11834377; gy 0.019936562; gz -0.017187834
I: pitch: 135.82214roll: 16.452482yaw: -143.471
I: data [calibrated]: ; ax 9.3750656E-4; ay 0.0038750023; az 4.374385E-4; gx 0.20534378; gy 0.019936562; gz 0.0528121
I: pitch: 137.86124roll: 14.213738yaw: -144.32657
I: data [calibrated]: ; ax -6.249547E-5; ay 8.750111E-4; az -0.0015625358; gx -0.039656162; gy 0.03693676; gz 0.017812252
I: pitch: 139.8792roll: 11.1751995yaw: -143.84842
I: data [calibrated]: ; ax -0.0020624846; ay -1.2499094E-4; az 4.374385E-4; gx -0.05665618; gy 0.0019369125; gz -0.05218792
I: pitch: 139.49678roll: 12.265416yaw: -143.19853
I: data [calibrated]: ; ax 9.3750656E-4; ay -0.001124993; az 4.374385E-4; gx 0.013343811; gy -0.10306311; gz 8.120537E-4
I: pitch: 139.76414roll: 13.152753yaw: -143.971
I: data [calibrated]: ; ax -6.249547E-5; ay 0.0028750002; az 4.374385E-4; gx -0.0046561956; gy 0.0019369125; gz 8.120537E-4
I: pitch: 138.26176roll: 13.126274yaw: -144.45969
I: data [calibrated]: ; ax -0.0010624975; ay -0.001124993; az 0.0074374676; gx -0.33665615; gy -0.120063305; gz 0.070812225
I: pitch: 133.2522roll: 13.738638yaw: -146.282
I: data [calibrated]: ; ax 9.3750656E-4; ay 8.750111E-4; az -0.0015625358; gx -0.07465619; gy -0.050063133; gz 8.120537E-4
I: pitch: 132.2031roll: 11.830908yaw: -146.919
I: data [calibrated]: ; ax -6.249547E-5; ay 0.0018749982; az -0.0015625358; gx -0.1616562; gy 0.019936562; gz 8.120537E-4
I: pitch: 129.20361roll: 8.582955yaw: -146.872
I: data [calibrated]: ; ax -0.0030624866; ay 0.0028750002; az 4.374385E-4; gx -0.0046561956; gy -0.015063286; gz 0.017812252
I: pitch: 127.27747roll: 9.374948yaw: -147.42813
I: data [calibrated]: ; ax -6.249547E-5; ay 8.750111E-4; az -5.6254864E-4; gx -0.07465619; gy 0.0019369125; gz 0.087812185
I: pitch: 124.31766roll: 6.355497yaw: -148.41644
I: data [calibrated]: ; ax -6.249547E-5; ay 8.750111E-4; az -0.002562523; gx 0.083343804; gy -0.06806326; gz 0.017812252
I: pitch: 127.94647roll: 5.8775606yaw: -149.367
I: data [calibrated]: ; ax -0.0010624975; ay 0.0018749982; az -0.0015625358; gx -0.07465619; gy -0.015063286; gz -0.034187794
I: pitch: 127.80376roll: 8.885811yaw: -149.44063
I: data [calibrated]: ; ax 0.0019375086; ay 0.0028750002; az -5.6254864E-4; gx 0.03034383; gy 0.03693676; gz -0.05218792
I: pitch: 127.37529roll: 8.062435yaw: -148.742
I: data [calibrated]: ; ax -0.0010624975; ay 0.0018749982; az 4.374385E-4; gx -0.0046561956; gy -0.050063133; gz 8.120537E-4
I: pitch: 125.77725roll: 9.104041yaw: -149.384
I: data [calibrated]: ; ax 9.3750656E-4; ay -1.2499094E-4; az -0.0045625567; gx 0.22334379; gy 0.0019369125; gz 0.03581214
I: pitch: 132.05211roll: 7.7487383yaw: -149.440
I: data [calibrated]: ; ax 0.0019375086; ay 8.750111E-4; az -0.002562523; gx 0.013343811; gy 0.0019369125; gz 0.0528121
I: pitch: 134.97092roll: 4.168391yaw: -149.89041
I: data [calibrated]: ; ax -0.0010624975; ay 8.750111E-4; az 0.0014374852; gx 0.100343764; gy 0.03693676; gz 0.12281227
I: pitch: 136.10356roll: 2.4221716yaw: -150.9134
I: data [calibrated]: ; ax 9.3750656E-4; ay -1.2499094E-4; az 0.0014374852; gx -0.09165621; gy -0.050063133; gz -0.017187834
I: pitch: 134.23856roll: 2.3441486yaw: -151.515
I: data [calibrated]: ; ax -6.249547E-5; ay 8.750111E-4; az 0.0014374852; gx -0.09165621; gy -0.015063286; gz 0.03581214
I: pitch: 131.25517roll: 2.1096885yaw: -152.25676
I: data [calibrated]: ; ax -6.249547E-5; ay 8.750111E-4; az 4.374385E-4; gx -0.109656155; gy -0.10306311; gz 0.10581207
I: pitch: 127.719955roll: 1.8780162yaw: -154.510
I: data [calibrated]: ; ax -6.249547E-5; ay 8.750111E-4; az -0.002562523; gx 0.048343837; gy 0.0019369125; gz 0.03581214
I: pitch: 130.26982roll: 1.4177511yaw: -155.16
I: data [calibrated]: ; ax -0.0020624846; ay -1.2499094E-4; az 4.374385E-4; gx 0.100343764; gy 0.0019369125; gz 0.070812225
I: pitch: 132.04927roll: 1.79904yaw: -155.936
I: data [calibrated]: ; ax -6.249547E-5; ay -0.001124993; az 4.374385E-4; gx -0.21465617; gy 0.0019369125; gz 0.03581214
I: pitch: 129.23093roll: 1.4941928yaw: -156.4428
I: data [calibrated]: ; ax -0.0020624846; ay -1.2499094E-4; az 4.374385E-4; gx -0.021656156; gy -0.015063286; gz 0.03581214
I: pitch: 128.10155roll: 2.584693yaw: -157.11905
I: data [calibrated]: ; ax 9.3750656E-4; ay 0.0018749982; az 4.374385E-4; gx 0.013343811; gy -0.050063133; gz 0.017812252
I: pitch: 126.36363roll: 1.949595yaw: -158.27
I: FinalizerDaemon: finalize objects = 13
I: data [calibrated]: ; ax -0.0010624975; ay 0.0028750002; az -0.0015625358; gx 0.083343804; gy -0.015063286; gz -0.05218792
I: pitch: 126.26571roll: 5.230837yaw: -158.233
I: data [calibrated]: ; ax -0.0010624975; ay -0.001124993; az -5.6254864E-4; gx -0.021656156; gy 0.019936562; gz 0.017812252
I: pitch: 127.02074roll: 6.578679yaw: -158.02
I: data [calibrated]: ; ax -6.249547E-5; ay 0.0018749982; az -0.002562523; gx -0.0046561956; gy -0.015063286; gz 8.120537E-4
I: pitch: 129.71799roll: 6.0965137yaw: -157.885
I: data [calibrated]: ; ax 9.3750656E-4; ay 8.750111E-4; az -0.002562523; gx 0.100343764; gy -0.015063286; gz 8.120537E-4
I: pitch: 134.8854roll: 3.7918506yaw: -157.897
I: data [calibrated]: ; ax -0.0010624975; ay 0.0018749982; az 4.374385E-4; gx -0.0046561956; gy 0.019936562; gz -0.017187834
I: pitch: 134.15733roll: 4.3242426yaw: -157.51234
I: data [calibrated]: ; ax 9.3750656E-4; ay 8.750111E-4; az 4.374385E-4; gx -0.021656156; gy -0.06806326; gz -0.06918788
I: pitch: 132.56226roll: 4.9057508yaw: -157.54312
I: data [calibrated]: ; ax -0.0030624866; ay 0.0018749982; az 0.0044374466; gx -0.109656155; gy 0.0019369125; gz -0.034187794
I: pitch: 129.51352roll: 6.0869336yaw: -157.25488
I: data [calibrated]: ; ax 0.0019375086; ay -1.2499094E-4; az -0.0015625358; gx 0.013343811; gy -0.03306341; gz 0.03581214
I: pitch: 130.45618roll: 4.0300665yaw: -157.867
I: data [calibrated]: ; ax -0.0020624846; ay -1.2499094E-4; az -5.6254864E-4; gx -0.021656156; gy 0.03693676; gz 0.017812252
I: pitch: 130.81136roll: 5.0028815yaw: -157.69034
I: data [calibrated]: ; ax -0.0010624975; ay 8.750111E-4; az -5.6254864E-4; gx -0.039656162; gy 0.019936562; gz 0.03581214
I: pitch: 129.97421roll: 6.8114643yaw: -157.820
I: data [calibrated]: ; ax -0.0010624975; ay 0.0018749982; az -5.6254864E-4; gx 0.013343811; gy 0.054936886; gz -0.034187794
I: pitch: 128.59413roll: 8.726107yaw: -156.998
I: data [calibrated]: ; ax 0.0019375086; ay 0.0038750023; az 0.0074374676; gx -0.21465617; gy 0.0019369125; gz 8.120537E-4
I: pitch: 122.195946roll: 8.763117yaw: -157.02367
I: data [calibrated]: ; ax -6.249547E-5; ay 0.0018749982; az -0.00356251; gx 0.048343837; gy 0.019936562; gz -0.017187834
I: pitch: 125.12808roll: 8.103268yaw: -156.08788
I: data [calibrated]: ; ax -6.249547E-5; ay 8.750111E-4; az 0.0024374723; gx 0.013343811; gy -0.015063286; gz -0.017187834
I: pitch: 124.837456roll: 8.418228yaw: -156.092
I: data [calibrated]: ; ax -0.0010624975; ay 0.0038750023; az -0.0015625358; gx 0.013343811; gy 0.03693676; gz 0.017812252
I: pitch: 122.911194roll: 8.9225645yaw: -156.084
I: data [calibrated]: ; ax -6.249547E-5; ay -1.2499094E-4; az 0.0024374723; gx -0.109656155; gy -0.03306341; gz 0.017812252
I: pitch: 119.33643roll: 9.1829605yaw: -156.96695
I: data [calibrated]: ; ax -0.0020624846; ay 0.0028750002; az 0.0034374595; gx -0.05665618; gy -0.03306341; gz -0.05218792
I: pitch: 116.27854roll: 10.832817yaw: -157.478
I: data [calibrated]: ; ax -6.249547E-5; ay 8.750111E-4; az 0.0014374852; gx -0.09165621; gy 0.019936562; gz -0.017187834
I: pitch: 112.37808roll: 11.3284025yaw: -157.40825
I: data [calibrated]: ; ax -0.0010624975; ay -1.2499094E-4; az 0.0024374723; gx -0.021656156; gy -0.050063133; gz 8.120537E-4
I: pitch: 110.026505roll: 12.2710085yaw: -158.41566
I: data [calibrated]: ; ax -0.0010624975; ay -1.2499094E-4; az 0.0024374723; gx -0.21465617; gy 0.0019369125; gz -0.034187794
I: pitch: 104.877556roll: 13.576321yaw: -158.68475
I: data [calibrated]: ; ax -0.0010624975; ay 8.750111E-4; az 4.374385E-4; gx -0.09165621; gy -0.050063133; gz 0.03581214
I: pitch: 100.78309roll: 15.131901yaw: -160.062
I: data [calibrated]: ; ax -0.0020624846; ay -1.2499094E-4; az 4.374385E-4; gx -0.09165621; gy -0.015063286; gz 8.120537E-4
I: pitch: 97.66115roll: 17.78831yaw: -160.82278
I: data [calibrated]: ; ax -0.0020624846; ay 0.0018749982; az 4.374385E-4; gx 0.013343811; gy 0.019936562; gz 8.120537E-4
I: pitch: 96.193634roll: 20.576735yaw: -161.025
I: data [calibrated]: ; ax 0.0019375086; ay 8.750111E-4; az -5.6254864E-4; gx 0.03034383; gy 0.054936886; gz 0.03581214
I: pitch: 97.469505roll: 17.392532yaw: -159.8
I: data [calibrated]: ; ax 9.3750656E-4; ay 0.0038750023; az -0.0015625358; gx -0.12665617; gy 0.03693676; gz 0.03581214
I: pitch: 97.15967roll: 12.346407yaw: -158.41324
I: data [calibrated]: ; ax -6.249547E-5; ay 0.0018749982; az -0.0015625358; gx -0.021656156; gy -0.03306341; gz 0.0528121
I: pitch: 99.595055roll: 9.713319yaw: -158.31055
I: data [calibrated]: ; ax -0.0020624846; ay 0.0018749982; az 0.0014374852; gx -0.1616562; gy 0.07193661; gz -0.05218792
I: pitch: 95.67234roll: 11.610683yaw: -157.1371
I: data [calibrated]: ; ax -0.0020624846; ay -1.2499094E-4; az 0.0014374852; gx 0.048343837; gy 0.03693676; gz 0.0528121
I: pitch: 94.76002roll: 12.619112yaw: -156.511
I: FinalizerDaemon: finalize objects = 10
I: data [calibrated]: ; ax -0.0040624887; ay 8.750111E-4; az 0.0024374723; gx -0.26665616; gy -0.015063286; gz 0.03581214
I: pitch: 87.3987roll: 14.154304yaw: -157.202
I: data [calibrated]: ; ax -0.0010624975; ay 0.0018749982; az -0.0015625358; gx 0.13534385; gy 0.019936562; gz 8.120537E-4
I: pitch: 92.14076roll: 15.518817yaw: -156.003
I: data [calibrated]: ; ax -0.0010624975; ay 8.750111E-4; az -0.0015625358; gx -0.09165621; gy 0.0019369125; gz -0.06918788
I: pitch: 94.88944roll: 18.896936yaw: -154.58694
I: data [calibrated]: ; ax -0.0010624975; ay 8.750111E-4; az 0.0014374852; gx -0.14465618; gy -0.08506346; gz 0.070812225
I: pitch: 90.09179roll: 19.184582yaw: -156.79976
I: data [calibrated]: ; ax -6.249547E-5; ay 8.750111E-4; az 0.0014374852; gx 0.0653438; gy -0.03306341; gz -0.05218792
I: pitch: 87.97484roll: 19.860703yaw: -158.65033
I: data [calibrated]: ; ax -0.0020624846; ay 0.0018749982; az -5.6254864E-4; gx 0.100343764; gy -0.015063286; gz -0.034187794
I: pitch: 91.00596roll: 23.772896yaw: -158.60
I: data [calibrated]: ; ax -6.249547E-5; ay 0.0038750023; az 0.0024374723; gx -0.19665617; gy -0.06806326; gz 0.017812252
I: pitch: 85.11204roll: 22.87609yaw: -160.83398
I: data [calibrated]: ; ax -6.249547E-5; ay 0.0018749982; az 0.0024374723; gx -0.0046561956; gy 0.07193661; gz -0.034187794
I: pitch: 81.86087roll: 22.782408yaw: -160.710
I: data [calibrated]: ; ax -0.0020624846; ay 0.0018749982; az 0.0044374466; gx 0.048343837; gy 0.0019369125; gz -0.034187794
I: pitch: 79.52506roll: 24.027105yaw: -161.82
I: data [calibrated]: ; ax -6.249547E-5; ay 8.750111E-4; az -0.0015625358; gx 0.083343804; gy -0.03306341; gz 0.03581214
I: pitch: 85.25565roll: 22.8332yaw: -160.88673
I: data [calibrated]: ; ax -0.0010624975; ay 0.0028750002; az -0.0015625358; gx -0.0046561956; gy 0.0019369125; gz 0.017812252
I: pitch: 89.78299roll: 22.039001yaw: -159.33095
I: data [calibrated]: ; ax -6.249547E-5; ay 0.0018749982; az -0.0015625358; gx -0.14465618; gy 0.019936562; gz -0.017187834
I: pitch: 91.45539roll: 20.811785yaw: -157.27657
I: data [calibrated]: ; ax -0.0030624866; ay 8.750111E-4; az 0.0014374852; gx -0.05665618; gy -0.03306341; gz 0.017812252
I: pitch: 88.7064roll: 22.70098yaw: -158.263
I: data [calibrated]: ; ax -0.0020624846; ay 8.750111E-4; az 0.0054374337; gx -0.07465619; gy 0.019936562; gz 8.120537E-4
I: pitch: 84.42032roll: 23.639446yaw: -158.930
I: data [calibrated]: ; ax -0.0010624975; ay 0.0018749982; az 0.0014374852; gx -0.0046561956; gy 0.03693676; gz -0.034187794
I: pitch: 80.79496roll: 24.965197yaw: -159.538
I: data [calibrated]: ; ax -0.0010624975; ay 0.0018749982; az 0.0024374723; gx -0.05665618; gy 0.019936562; gz -0.034187794
I: pitch: 76.04341roll: 25.978418yaw: -160.62451
I: data [calibrated]: ; ax -0.0010624975; ay 8.750111E-4; az -5.6254864E-4; gx -0.17965621; gy 0.054936886; gz -0.034187794
I: pitch: 75.06774roll: 29.432531yaw: -158.45538
I: data [calibrated]: ; ax -0.0020624846; ay 0.0028750002; az -0.0015625358; gx -0.07465619; gy -0.03306341; gz -0.017187834
I: pitch: 76.83808roll: 31.191612yaw: -156.87177
I: data [calibrated]: ; ax -0.0020624846; ay 8.750111E-4; az -5.6254864E-4; gx 0.013343811; gy 0.0019369125; gz -0.034187794
I: pitch: 80.02853roll: 36.12947yaw: -155.212
I: data [calibrated]: ; ax -0.0020624846; ay 8.750111E-4; az 0.0014374852; gx -0.039656162; gy 0.0019369125; gz -0.034187794
I: pitch: 76.62552roll: 39.58164yaw: -156.96796
I: data [calibrated]: ; ax -6.249547E-5; ay 0.0028750002; az 0.0064374804; gx -0.05665618; gy -0.03306341; gz 0.03581214
I: pitch: 72.03886roll: 38.39903yaw: -159.42
I: data [calibrated]: ; ax -0.0020624846; ay -1.2499094E-4; az -5.6254864E-4; gx 0.0653438; gy -0.03306341; gz 0.017812252
I: pitch: 73.807205roll: 41.96475yaw: -159.5673
I: data [calibrated]: ; ax -6.249547E-5; ay -0.001124993; az -5.6254864E-4; gx 0.0653438; gy -0.050063133; gz 0.017812252
I: pitch: 75.73018roll: 44.5973yaw: -160.3207
I: data [calibrated]: ; ax -0.0020624846; ay 0.0018749982; az -5.6254864E-4; gx -0.09165621; gy -0.015063286; gz -0.034187794
I: pitch: 78.36801roll: 46.577274yaw: -157.76022
I: data [calibrated]: ; ax -6.249547E-5; ay 8.750111E-4; az -5.6254864E-4; gx -0.039656162; gy -0.015063286; gz -0.017187834
I: pitch: 82.624275roll: 44.66108yaw: -154.20216
I: FinalizerDaemon: finalize objects =
I: data [calibrated]: ; ax -0.0010624975; ay 0.0028750002; az 0.0024374723; gx 0.013343811; gy 0.054936886; gz -0.05218792
I: pitch: 81.41667roll: 43.947674yaw: -154.30664
I: data [calibrated]: ; ax -0.0010624975; ay 0.0018749982; az 0.0024374723; gx -0.0046561956; gy 0.07193661; gz -0.034187794
I: pitch: 79.075745roll: 43.872658yaw: -154.700
I: data [calibrated]: ; ax -0.0020624846; ay -1.2499094E-4; az -5.6254864E-4; gx -0.05665618; gy 0.054936886; gz -0.034187794
I: pitch: 80.92027roll: 49.762444yaw: -151.21152
I: data [calibrated]: ; ax -0.0010624975; ay 0.0018749982; az -0.002562523; gx -0.021656156; gy 0.0019369125; gz 0.03581214
I: pitch: 86.610794roll: 49.441196yaw: -145.98448
I: data [calibrated]: ; ax 0.0019375086; ay 0.0018749982; az -0.002562523; gx -0.039656162; gy 0.07193661; gz 8.120537E-4
I: pitch: 92.55157roll: 46.432068yaw: -139.77075
I: data [calibrated]: ; ax -0.0030624866; ay 0.0028750002; az 0.0034374595; gx -0.09165621; gy -0.050063133; gz -0.017187834
I: pitch: 85.52933roll: 46.2824yaw: -143.60432